<?xml version="1.0" encoding="UTF-8"?>
<testsuite name="com.persons.finder.DemoApplicationTests" tests="1" skipped="0" failures="0" errors="0" timestamp="2026-07-27T11:25:22" hostname="Mac.local" time="0.028">
  <properties/>
  <testcase name="contextLoads()" classname="com.persons.finder.DemoApplicationTests" time="0.028"/>
  <system-out><![CDATA[23:25:21.169 [Test worker] DEBUG org.springframework.test.context.BootstrapUtils - Instantiating CacheAwareContextLoaderDelegate from class [org.springframework.test.context.cache.DefaultCacheAwareContextLoaderDelegate]
23:25:21.174 [Test worker] DEBUG org.springframework.test.context.BootstrapUtils - Instantiating BootstrapContext using constructor [public org.springframework.test.context.support.DefaultBootstrapContext(java.lang.Class,org.springframework.test.context.CacheAwareContextLoaderDelegate)]
23:25:21.189 [Test worker] DEBUG org.springframework.test.context.BootstrapUtils - Instantiating TestContextBootstrapper for test class [com.persons.finder.DemoApplicationTests] from class [org.springframework.boot.test.context.SpringBootTestContextBootstrapper]
23:25:21.194 [Test worker] INFO org.springframework.boot.test.context.SpringBootTestContextBootstrapper - Neither @ContextConfiguration nor @ContextHierarchy found for test class [com.persons.finder.DemoApplicationTests], using SpringBootContextLoader
23:25:21.195 [Test worker] DEBUG org.springframework.test.context.support.AbstractContextLoader - Did not detect default resource location for test class [com.persons.finder.DemoApplicationTests]: class path resource [com/persons/finder/DemoApplicationTests-context.xml] does not exist
23:25:21.195 [Test worker] DEBUG org.springframework.test.context.support.AbstractContextLoader - Did not detect default resource location for test class [com.persons.finder.DemoApplicationTests]: class path resource [com/persons/finder/DemoApplicationTestsContext.groovy] does not exist
23:25:21.195 [Test worker] INFO org.springframework.test.context.support.AbstractContextLoader - Could not detect default resource locations for test class [com.persons.finder.DemoApplicationTests]: no resource found for suffixes {-context.xml, Context.groovy}.
23:25:21.196 [Test worker] INFO org.springframework.test.context.support.AnnotationConfigContextLoaderUtils - Could not detect default configuration classes for test class [com.persons.finder.DemoApplicationTests]: DemoApplicationTests does not declare any static, non-private, non-final, nested classes annotated with @Configuration.
23:25:21.211 [Test worker] DEBUG org.springframework.test.context.support.ActiveProfilesUtils - Could not find an 'annotation declaring class' for annotation type [org.springframework.test.context.ActiveProfiles] and class [com.persons.finder.DemoApplicationTests]
23:25:21.227 [Test worker] DEBUG org.springframework.context.annotation.ClassPathScanningCandidateComponentProvider - Identified candidate component class: file [/Users/banupriya/ProjectEmerge/Technical Assesment update-27thJuly/persons-finder-devops-solution/build/classes/kotlin/main/com/persons/finder/ApplicationStarter.class]
23:25:21.228 [Test worker] INFO org.springframework.boot.test.context.SpringBootTestContextBootstrapper - Found @SpringBootConfiguration com.persons.finder.ApplicationStarter for test class com.persons.finder.DemoApplicationTests
23:25:21.254 [Test worker] DEBUG org.springframework.boot.test.context.SpringBootTestContextBootstrapper - @TestExecutionListeners is not present for class [com.persons.finder.DemoApplicationTests]: using defaults.
23:25:21.254 [Test worker] INFO org.springframework.boot.test.context.SpringBootTestContextBootstrapper - Loaded default TestExecutionListener class names from location [META-INF/spring.factories]: [com.ninjasquad.springmockk.MockkTestExecutionListener, com.ninjasquad.springmockk.ClearMocksTestExecutionListener, org.springframework.boot.test.autoconfigure.restdocs.RestDocsTestExecutionListener, org.springframework.boot.test.autoconfigure.web.client.MockRestServiceServerResetTestExecutionListener, org.springframework.boot.test.autoconfigure.web.servlet.MockMvcPrintOnlyOnFailureTestExecutionListener, org.springframework.boot.test.autoconfigure.web.servlet.WebDriverTestExecutionListener, org.springframework.boot.test.autoconfigure.webservices.client.MockWebServiceServerTestExecutionListener, org.springframework.boot.test.mock.mockito.MockitoTestExecutionListener, org.springframework.boot.test.mock.mockito.ResetMocksTestExecutionListener, org.springframework.test.context.web.ServletTestExecutionListener, org.springframework.test.context.support.DirtiesContextBeforeModesTestExecutionListener, org.springframework.test.context.event.ApplicationEventsTestExecutionListener, org.springframework.test.context.support.DependencyInjectionTestExecutionListener, org.springframework.test.context.support.DirtiesContextTestExecutionListener, org.springframework.test.context.transaction.TransactionalTestExecutionListener, org.springframework.test.context.jdbc.SqlScriptsTestExecutionListener, org.springframework.test.context.event.EventPublishingTestExecutionListener]
23:25:21.351 [Test worker] INFO org.springframework.boot.test.context.SpringBootTestContextBootstrapper - Using TestExecutionListeners: [org.springframework.test.context.web.ServletTestExecutionListener@10667848, org.springframework.test.context.support.DirtiesContextBeforeModesTestExecutionListener@191a709b, org.springframework.test.context.event.ApplicationEventsTestExecutionListener@77c7ed8e, com.ninjasquad.springmockk.MockkTestExecutionListener@453d496b, org.springframework.boot.test.mock.mockito.MockitoTestExecutionListener@66bacdbc, org.springframework.boot.test.autoconfigure.SpringBootDependencyInjectionTestExecutionListener@2c6ee758, org.springframework.test.context.support.DirtiesContextTestExecutionListener@640dc4c6, org.springframework.test.context.transaction.TransactionalTestExecutionListener@4b54af3d, org.springframework.test.context.jdbc.SqlScriptsTestExecutionListener@7bb35cc6, org.springframework.test.context.event.EventPublishingTestExecutionListener@203c20cf, com.ninjasquad.springmockk.ClearMocksTestExecutionListener@2a1debfa, org.springframework.boot.test.autoconfigure.restdocs.RestDocsTestExecutionListener@44de94c3, org.springframework.boot.test.autoconfigure.web.client.MockRestServiceServerResetTestExecutionListener@256aa5f2, org.springframework.boot.test.autoconfigure.web.servlet.MockMvcPrintOnlyOnFailureTestExecutionListener@6411d3c8, org.springframework.boot.test.autoconfigure.web.servlet.WebDriverTestExecutionListener@2116b68b, org.springframework.boot.test.autoconfigure.webservices.client.MockWebServiceServerTestExecutionListener@11de56e6, org.springframework.boot.test.mock.mockito.ResetMocksTestExecutionListener@616b241a]
23:25:21.353 [Test worker] DEBUG org.springframework.test.context.support.AbstractDirtiesContextTestExecutionListener - Before test class: context [DefaultTestContext@cfbc8e8 testClass = DemoApplicationTests, testInstance = [null], testMethod = [null], testException = [null], mergedContextConfiguration = [WebMergedContextConfiguration@3bead518 testClass = DemoApplicationTests, locations = '{}', classes = '{class com.persons.finder.ApplicationStarter}', contextInitializerClasses = '[]', activeProfiles = '{}', propertySourceLocations = '{}', propertySourceProperties = '{org.springframework.boot.test.context.SpringBootTestContextBootstrapper=true}', contextCustomizers = set[MockkContextCustomizer(definitions=[]), org.springframework.boot.test.autoconfigure.actuate.metrics.MetricsExportContextCustomizerFactory$DisableMetricExportContextCustomizer@74960bfa, org.springframework.boot.test.autoconfigure.properties.PropertyMappingContextCustomizer@0, org.springframework.boot.test.autoconfigure.web.servlet.WebDriverContextCustomizerFactory$Customizer@5ccbeb64, org.springframework.boot.test.context.filter.ExcludeFilterContextCustomizer@31d0e481, org.springframework.boot.test.json.DuplicateJsonObjectContextCustomizerFactory$DuplicateJsonObjectContextCustomizer@4dc8caa7, org.springframework.boot.test.mock.mockito.MockitoContextCustomizer@0, org.springframework.boot.test.web.client.TestRestTemplateContextCustomizer@72c28d64, org.springframework.boot.test.context.SpringBootTestArgs@1, org.springframework.boot.test.context.SpringBootTestWebEnvironment@169e6180], resourceBasePath = 'src/main/webapp', contextLoader = 'org.springframework.boot.test.context.SpringBootContextLoader', parent = [null]], attributes = map['org.springframework.test.context.web.ServletTestExecutionListener.activateListener' -> true]], class annotated with @DirtiesContext [false] with mode [null].

  .   ____          _            __ _ _
 /\\ / ___'_ __ _ _(_)_ __  __ _ \ \ \ \
( ( )\___ | '_ | '_| | '_ \/ _` | \ \ \ \
 \\/  ___)| |_)| | | | | || (_| |  ) ) ) )
  '  |____| .__|_| |_|_| |_\__, | / / / /
 =========|_|==============|___/=/_/_/_/
 :: Spring Boot ::               (v2.7.18)

2026-07-27 23:25:21.463  INFO 87074 --- [    Test worker] com.persons.finder.DemoApplicationTests  : Starting DemoApplicationTests using Java 21.0.11 on Mac.local with PID 87074 (started by banupriya in /Users/banupriya/ProjectEmerge/Technical Assesment update-27thJuly/persons-finder-devops-solution)
2026-07-27 23:25:21.463  INFO 87074 --- [    Test worker] com.persons.finder.DemoApplicationTests  : No active profile set, falling back to 1 default profile: "default"
2026-07-27 23:25:21.732  INFO 87074 --- [    Test worker] .s.d.r.c.RepositoryConfigurationDelegate : Bootstrapping Spring Data JPA repositories in DEFAULT mode.
2026-07-27 23:25:21.751  INFO 87074 --- [    Test worker] .s.d.r.c.RepositoryConfigurationDelegate : Finished Spring Data repository scanning in 16 ms. Found 2 JPA repository interfaces.
2026-07-27 23:25:21.937  INFO 87074 --- [    Test worker] com.zaxxer.hikari.HikariDataSource       : HikariPool-1 - Starting...
2026-07-27 23:25:22.013  INFO 87074 --- [    Test worker] com.zaxxer.hikari.HikariDataSource       : HikariPool-1 - Start completed.
2026-07-27 23:25:22.037  INFO 87074 --- [    Test worker] o.hibernate.jpa.internal.util.LogHelper  : HHH000204: Processing PersistenceUnitInfo [name: default]
2026-07-27 23:25:22.052  INFO 87074 --- [    Test worker] org.hibernate.Version                    : HHH000412: Hibernate ORM core version 5.6.15.Final
2026-07-27 23:25:22.106  INFO 87074 --- [    Test worker] o.hibernate.annotations.common.Version   : HCANN000001: Hibernate Commons Annotations {5.1.2.Final}
2026-07-27 23:25:22.139  INFO 87074 --- [    Test worker] org.hibernate.dialect.Dialect            : HHH000400: Using dialect: org.hibernate.dialect.H2Dialect
2026-07-27 23:25:22.253  INFO 87074 --- [    Test worker] o.h.e.t.j.p.i.JtaPlatformInitiator       : HHH000490: Using JtaPlatform implementation: [org.hibernate.engine.transaction.jta.platform.internal.NoJtaPlatform]
2026-07-27 23:25:22.257  INFO 87074 --- [    Test worker] j.LocalContainerEntityManagerFactoryBean : Initialized JPA EntityManagerFactory for persistence unit 'default'
2026-07-27 23:25:22.455  WARN 87074 --- [    Test worker] JpaBaseConfiguration$JpaWebConfiguration : spring.jpa.open-in-view is enabled by default. Therefore, database queries may be performed during view rendering. Explicitly configure spring.jpa.open-in-view to disable this warning
2026-07-27 23:25:22.772  INFO 87074 --- [    Test worker] o.s.b.a.e.web.EndpointLinksResolver      : Exposing 2 endpoint(s) beneath base path '/actuator'
2026-07-27 23:25:22.790  INFO 87074 --- [    Test worker] com.persons.finder.DemoApplicationTests  : Started DemoApplicationTests in 1.424 seconds (JVM running for 1.933)
]]></system-out>
  <system-err><![CDATA[]]></system-err>
</testsuite>
