<?xml version="1.0" encoding="UTF-8"?>
<testsuite name="com.persons.finder.presentation.PersonControllerTest" tests="4" skipped="0" failures="0" errors="0" timestamp="2026-07-27T10:32:02" hostname="Mac.local" time="0.153">
  <properties/>
  <testcase name="create person returns 201 with the new id()" classname="com.persons.finder.presentation.PersonControllerTest" time="0.106"/>
  <testcase name="find around returns nearby person ids excluding self()" classname="com.persons.finder.presentation.PersonControllerTest" time="0.009"/>
  <testcase name="update location returns 200()" classname="com.persons.finder.presentation.PersonControllerTest" time="0.03"/>
  <testcase name="get by ids returns names()" classname="com.persons.finder.presentation.PersonControllerTest" time="0.005"/>
  <system-out><![CDATA[2026-07-27 22:32:02.488  INFO 61267 --- [    Test worker] .b.t.a.w.s.WebMvcTestContextBootstrapper : Neither @ContextConfiguration nor @ContextHierarchy found for test class [com.persons.finder.presentation.PersonControllerTest], using SpringBootContextLoader
2026-07-27 22:32:02.490  INFO 61267 --- [    Test worker] o.s.t.c.support.AbstractContextLoader    : Could not detect default resource locations for test class [com.persons.finder.presentation.PersonControllerTest]: no resource found for suffixes {-context.xml, Context.groovy}.
2026-07-27 22:32:02.490  INFO 61267 --- [    Test worker] t.c.s.AnnotationConfigContextLoaderUtils : Could not detect default configuration classes for test class [com.persons.finder.presentation.PersonControllerTest]: PersonControllerTest does not declare any static, non-private, non-final, nested classes annotated with @Configuration.
2026-07-27 22:32:02.510  INFO 61267 --- [    Test worker] .b.t.c.SpringBootTestContextBootstrapper : Found @SpringBootConfiguration com.persons.finder.ApplicationStarter for test class com.persons.finder.presentation.PersonControllerTest
2026-07-27 22:32:02.511  INFO 61267 --- [    Test worker] .b.t.a.w.s.WebMvcTestContextBootstrapper : Loaded default TestExecutionListener class names from location [META-INF/spring.factories]: [com.ninjasquad.springmockk.MockkTestExecutionListener, com.ninjasquad.springmockk.ClearMocksTestExecutionListener, org.springframework.boot.test.autoconfigure.restdocs.RestDocsTestExecutionListener, org.springframework.boot.test.autoconfigure.web.client.MockRestServiceServerResetTestExecutionListener, org.springframework.boot.test.autoconfigure.web.servlet.MockMvcPrintOnlyOnFailureTestExecutionListener, org.springframework.boot.test.autoconfigure.web.servlet.WebDriverTestExecutionListener, org.springframework.boot.test.autoconfigure.webservices.client.MockWebServiceServerTestExecutionListener, org.springframework.boot.test.mock.mockito.MockitoTestExecutionListener, org.springframework.boot.test.mock.mockito.ResetMocksTestExecutionListener, org.springframework.test.context.web.ServletTestExecutionListener, org.springframework.test.context.support.DirtiesContextBeforeModesTestExecutionListener, org.springframework.test.context.event.ApplicationEventsTestExecutionListener, org.springframework.test.context.support.DependencyInjectionTestExecutionListener, org.springframework.test.context.support.DirtiesContextTestExecutionListener, org.springframework.test.context.transaction.TransactionalTestExecutionListener, org.springframework.test.context.jdbc.SqlScriptsTestExecutionListener, org.springframework.test.context.event.EventPublishingTestExecutionListener]
2026-07-27 22:32:02.513  INFO 61267 --- [    Test worker] .b.t.a.w.s.WebMvcTestContextBootstrapper : Using TestExecutionListeners: [org.springframework.test.context.web.ServletTestExecutionListener@3f679ce, org.springframework.test.context.support.DirtiesContextBeforeModesTestExecutionListener@77393f2e, org.springframework.test.context.event.ApplicationEventsTestExecutionListener@4300b54c, com.ninjasquad.springmockk.MockkTestExecutionListener@67f5066e, org.springframework.boot.test.mock.mockito.MockitoTestExecutionListener@57fd3b57, org.springframework.boot.test.autoconfigure.SpringBootDependencyInjectionTestExecutionListener@6903bec9, org.springframework.test.context.support.DirtiesContextTestExecutionListener@2f6fcc70, org.springframework.test.context.transaction.TransactionalTestExecutionListener@60666985, org.springframework.test.context.jdbc.SqlScriptsTestExecutionListener@5effc15d, org.springframework.test.context.event.EventPublishingTestExecutionListener@2a7ed9bd, com.ninjasquad.springmockk.ClearMocksTestExecutionListener@7ba38cce, org.springframework.boot.test.autoconfigure.restdocs.RestDocsTestExecutionListener@28dae87e, org.springframework.boot.test.autoconfigure.web.client.MockRestServiceServerResetTestExecutionListener@80f3111, org.springframework.boot.test.autoconfigure.web.servlet.MockMvcPrintOnlyOnFailureTestExecutionListener@54e0b29c, org.springframework.boot.test.autoconfigure.web.servlet.WebDriverTestExecutionListener@33428132, org.springframework.boot.test.autoconfigure.webservices.client.MockWebServiceServerTestExecutionListener@4c24063c, org.springframework.boot.test.mock.mockito.ResetMocksTestExecutionListener@3dd22110]

  .   ____          _            __ _ _
 /\\ / ___'_ __ _ _(_)_ __  __ _ \ \ \ \
( ( )\___ | '_ | '_| | '_ \/ _` | \ \ \ \
 \\/  ___)| |_)| | | | | || (_| |  ) ) ) )
  '  |____| .__|_| |_|_| |_\__, | / / / /
 =========|_|==============|___/=/_/_/_/
 :: Spring Boot ::               (v2.7.18)

2026-07-27 22:32:02.537  INFO 61267 --- [    Test worker] c.p.f.presentation.PersonControllerTest  : Starting PersonControllerTest using Java 21.0.11 on Mac.local with PID 61267 (started by banupriya in /Users/banupriya/ProjectEmerge/Technical Assesment update-27thJuly/persons-finder-devops-solution)
2026-07-27 22:32:02.537  INFO 61267 --- [    Test worker] c.p.f.presentation.PersonControllerTest  : No active profile set, falling back to 1 default profile: "default"
2026-07-27 22:32:02.789  INFO 61267 --- [    Test worker] o.s.b.t.m.w.SpringBootMockServletContext : Initializing Spring TestDispatcherServlet ''
2026-07-27 22:32:02.789  INFO 61267 --- [    Test worker] o.s.t.web.servlet.TestDispatcherServlet  : Initializing Servlet ''
2026-07-27 22:32:02.789  INFO 61267 --- [    Test worker] o.s.t.web.servlet.TestDispatcherServlet  : Completed initialization in 0 ms
2026-07-27 22:32:02.796  INFO 61267 --- [    Test worker] c.p.f.presentation.PersonControllerTest  : Started PersonControllerTest in 0.278 seconds (JVM running for 3.003)
]]></system-out>
  <system-err><![CDATA[]]></system-err>
</testsuite>
