<?xml version="1.0" encoding="UTF-8"?>
<testsuite name="com.persons.finder.domain.services.LocationsServiceImplTest" tests="2" skipped="0" failures="0" errors="0" timestamp="2026-07-27T06:36:56" hostname="Mac.local" time="0.224">
  <properties/>
  <testcase name="findAround returns only locations within the radius()" classname="com.persons.finder.domain.services.LocationsServiceImplTest" time="0.162"/>
  <testcase name="addLocation upserts via save()" classname="com.persons.finder.domain.services.LocationsServiceImplTest" time="0.061"/>
  <system-out><![CDATA[2026-07-27 18:36:56.106  WARN 94488 --- [    Test worker] i.m.p.j.t.InliningClassTransformer       : Failed to transform class java/util/List

java.lang.IllegalArgumentException: Java 21 (65) is not supported by the current version of Byte Buddy which officially supports Java 20 (64) - update Byte Buddy or set net.bytebuddy.experimental as a VM property
	at net.bytebuddy.utility.OpenedClassReader.of(OpenedClassReader.java:96) ~[byte-buddy-1.12.23.jar:na]
	at net.bytebuddy.dynamic.scaffold.TypeWriter$Default$ForInlining.create(TypeWriter.java:4011) ~[byte-buddy-1.12.23.jar:na]
	at net.bytebuddy.dynamic.scaffold.TypeWriter$Default.make(TypeWriter.java:2224) ~[byte-buddy-1.12.23.jar:na]
	at net.bytebuddy.dynamic.DynamicType$Builder$AbstractBase$UsingTypeWriter.make(DynamicType.java:4050) ~[byte-buddy-1.12.23.jar:na]
	at net.bytebuddy.dynamic.DynamicType$Builder$AbstractBase.make(DynamicType.java:3734) ~[byte-buddy-1.12.23.jar:na]
	at io.mockk.proxy.jvm.transformation.InliningClassTransformer.transform(InliningClassTransformer.kt:81) ~[mockk-agent-jvm-1.13.5.jar:na]
	at java.instrument/java.lang.instrument.ClassFileTransformer.transform(ClassFileTransformer.java:244) ~[na:na]
	at java.instrument/sun.instrument.TransformerManager.transform(TransformerManager.java:188) ~[na:na]
	at java.instrument/sun.instrument.InstrumentationImpl.transform(InstrumentationImpl.java:610) ~[na:na]
	at java.instrument/sun.instrument.InstrumentationImpl.retransformClasses0(Native Method) ~[na:na]
	at java.instrument/sun.instrument.InstrumentationImpl.retransformClasses(InstrumentationImpl.java:225) ~[na:na]
	at io.mockk.proxy.jvm.transformation.JvmInlineInstrumentation.retransform(JvmInlineInstrumentation.kt:28) ~[mockk-agent-jvm-1.13.5.jar:na]
	at io.mockk.proxy.common.transformation.RetransformInlineInstrumentation$execute$1.invoke(RetransformInlineInstrumentation.kt:19) ~[mockk-agent-api-jvm-1.13.5.jar:na]
	at io.mockk.proxy.common.transformation.RetransformInlineInstrumentation$execute$1.invoke(RetransformInlineInstrumentation.kt:16) ~[mockk-agent-api-jvm-1.13.5.jar:na]
	at io.mockk.proxy.common.transformation.ClassTransformationSpecMap.applyTransformation(ClassTransformationSpecMap.kt:41) ~[mockk-agent-api-jvm-1.13.5.jar:na]
	at io.mockk.proxy.common.transformation.RetransformInlineInstrumentation.execute(RetransformInlineInstrumentation.kt:16) ~[mockk-agent-api-jvm-1.13.5.jar:na]
	at io.mockk.proxy.common.ProxyMaker.inline(ProxyMaker.kt:104) ~[mockk-agent-api-jvm-1.13.5.jar:na]
	at io.mockk.proxy.common.ProxyMaker.proxy(ProxyMaker.kt:48) ~[mockk-agent-api-jvm-1.13.5.jar:na]
	at io.mockk.impl.instantiation.JvmMockFactory.newProxy(JvmMockFactory.kt:34) ~[mockk-jvm-1.13.5.jar:na]
	at io.mockk.impl.instantiation.AbstractMockFactory.newProxy$default(AbstractMockFactory.kt:24) ~[mockk-jvm-1.13.5.jar:na]
	at io.mockk.impl.instantiation.AbstractMockFactory.temporaryMock(AbstractMockFactory.kt:127) ~[mockk-jvm-1.13.5.jar:na]
	at io.mockk.impl.recording.states.RecordingState$call$temporaryMock$1.invoke(RecordingState.kt:69) ~[mockk-jvm-1.13.5.jar:na]
	at io.mockk.impl.recording.states.RecordingState.call(RecordingState.kt:73) ~[mockk-jvm-1.13.5.jar:na]
	at io.mockk.impl.recording.CommonCallRecorder.call(CommonCallRecorder.kt:53) ~[mockk-jvm-1.13.5.jar:na]
	at io.mockk.impl.stub.MockKStub.handleInvocation(MockKStub.kt:270) ~[mockk-jvm-1.13.5.jar:na]
	at io.mockk.impl.instantiation.JvmMockFactoryHelper$mockHandler$1.invocation(JvmMockFactoryHelper.kt:24) ~[mockk-jvm-1.13.5.jar:na]
	at io.mockk.proxy.jvm.advice.Interceptor.call(Interceptor.kt:21) ~[mockk-agent-jvm-1.13.5.jar:na]
	at io.mockk.proxy.jvm.advice.BaseAdvice.handle(BaseAdvice.kt:42) ~[mockk-agent-jvm-1.13.5.jar:na]
	at io.mockk.proxy.jvm.advice.jvm.JvmMockKProxyInterceptor.interceptNoSuper(JvmMockKProxyInterceptor.java:45) ~[mockk-agent-jvm-1.13.5.jar:na]
	at com.persons.finder.data.repositories.LocationRepository$Subclass0.findAll(Unknown Source) ~[main/:na]
	at com.persons.finder.domain.services.LocationsServiceImplTest$findAround returns only locations within the radius$1.invoke(LocationsServiceImplTest.kt:26) ~[test/:na]
	at com.persons.finder.domain.services.LocationsServiceImplTest$findAround returns only locations within the radius$1.invoke(LocationsServiceImplTest.kt:26) ~[test/:na]
	at io.mockk.impl.eval.RecordedBlockEvaluator$record$block$1.invoke(RecordedBlockEvaluator.kt:25) ~[mockk-jvm-1.13.5.jar:na]
	at io.mockk.impl.eval.RecordedBlockEvaluator$enhanceWithRethrow$1.invoke(RecordedBlockEvaluator.kt:78) ~[mockk-jvm-1.13.5.jar:na]
	at io.mockk.impl.recording.JvmAutoHinter.autoHint(JvmAutoHinter.kt:23) ~[mockk-jvm-1.13.5.jar:na]
	at io.mockk.impl.eval.RecordedBlockEvaluator.record(RecordedBlockEvaluator.kt:40) ~[mockk-jvm-1.13.5.jar:na]
	at io.mockk.impl.eval.EveryBlockEvaluator.every(EveryBlockEvaluator.kt:30) ~[mockk-jvm-1.13.5.jar:na]
	at io.mockk.MockKDsl.internalEvery(API.kt:94) ~[mockk-dsl-jvm-1.13.5.jar:na]
	at io.mockk.MockKKt.every(MockK.kt:143) ~[mockk-jvm-1.13.5.jar:na]
	at com.persons.finder.domain.services.LocationsServiceImplTest.findAround returns only locations within the radius(LocationsServiceImplTest.kt:26) ~[test/:na]
	at java.base/jdk.internal.reflect.DirectMethodHandleAccessor.invoke(DirectMethodHandleAccessor.java:103) ~[na:na]
	at java.base/java.lang.reflect.Method.invoke(Method.java:580) ~[na:na]
	at org.junit.platform.commons.util.ReflectionUtils.invokeMethod(ReflectionUtils.java:725) ~[junit-platform-commons-1.8.2.jar:1.8.2]
	at org.junit.jupiter.engine.execution.MethodInvocation.proceed(MethodInvocation.java:60) ~[junit-jupiter-engine-5.8.2.jar:5.8.2]
	at org.junit.jupiter.engine.execution.InvocationInterceptorChain$ValidatingInvocation.proceed(InvocationInterceptorChain.java:131) ~[junit-jupiter-engine-5.8.2.jar:5.8.2]
	at org.junit.jupiter.engine.extension.TimeoutExtension.intercept(TimeoutExtension.java:149) ~[junit-jupiter-engine-5.8.2.jar:5.8.2]
	at org.junit.jupiter.engine.extension.TimeoutExtension.interceptTestableMethod(TimeoutExtension.java:140) ~[junit-jupiter-engine-5.8.2.jar:5.8.2]
	at org.junit.jupiter.engine.extension.TimeoutExtension.interceptTestMethod(TimeoutExtension.java:84) ~[junit-jupiter-engine-5.8.2.jar:5.8.2]
	at org.junit.jupiter.engine.execution.ExecutableInvoker$ReflectiveInterceptorCall.lambda$ofVoidMethod$0(ExecutableInvoker.java:115) ~[junit-jupiter-engine-5.8.2.jar:5.8.2]
	at org.junit.jupiter.engine.execution.ExecutableInvoker.lambda$invoke$0(ExecutableInvoker.java:105) ~[junit-jupiter-engine-5.8.2.jar:5.8.2]
	at org.junit.jupiter.engine.execution.InvocationInterceptorChain$InterceptedInvocation.proceed(InvocationInterceptorChain.java:106) ~[junit-jupiter-engine-5.8.2.jar:5.8.2]
	at org.junit.jupiter.engine.execution.InvocationInterceptorChain.proceed(InvocationInterceptorChain.java:64) ~[junit-jupiter-engine-5.8.2.jar:5.8.2]
	at org.junit.jupiter.engine.execution.InvocationInterceptorChain.chainAndInvoke(InvocationInterceptorChain.java:45) ~[junit-jupiter-engine-5.8.2.jar:5.8.2]
	at org.junit.jupiter.engine.execution.InvocationInterceptorChain.invoke(InvocationInterceptorChain.java:37) ~[junit-jupiter-engine-5.8.2.jar:5.8.2]
	at org.junit.jupiter.engine.execution.ExecutableInvoker.invoke(ExecutableInvoker.java:104) ~[junit-jupiter-engine-5.8.2.jar:5.8.2]
	at org.junit.jupiter.engine.execution.ExecutableInvoker.invoke(ExecutableInvoker.java:98) ~[junit-jupiter-engine-5.8.2.jar:5.8.2]
	at org.junit.jupiter.engine.descriptor.TestMethodTestDescriptor.lambda$invokeTestMethod$7(TestMethodTestDescriptor.java:214) ~[junit-jupiter-engine-5.8.2.jar:5.8.2]
	at org.junit.platform.engine.support.hierarchical.ThrowableCollector.execute(ThrowableCollector.java:73) ~[junit-platform-engine-1.8.2.jar:1.8.2]
	at org.junit.jupiter.engine.descriptor.TestMethodTestDescriptor.invokeTestMethod(TestMethodTestDescriptor.java:210) ~[junit-jupiter-engine-5.8.2.jar:5.8.2]
	at org.junit.jupiter.engine.descriptor.TestMethodTestDescriptor.execute(TestMethodTestDescriptor.java:135) ~[junit-jupiter-engine-5.8.2.jar:5.8.2]
	at org.junit.jupiter.engine.descriptor.TestMethodTestDescriptor.execute(TestMethodTestDescriptor.java:66) ~[junit-jupiter-engine-5.8.2.jar:5.8.2]
	at org.junit.platform.engine.support.hierarchical.NodeTestTask.lambda$executeRecursively$6(NodeTestTask.java:151) ~[junit-platform-engine-1.8.2.jar:1.8.2]
	at org.junit.platform.engine.support.hierarchical.ThrowableCollector.execute(ThrowableCollector.java:73) ~[junit-platform-engine-1.8.2.jar:1.8.2]
	at org.junit.platform.engine.support.hierarchical.NodeTestTask.lambda$executeRecursively$8(NodeTestTask.java:141) ~[junit-platform-engine-1.8.2.jar:1.8.2]
	at org.junit.platform.engine.support.hierarchical.Node.around(Node.java:137) ~[junit-platform-engine-1.8.2.jar:1.8.2]
	at org.junit.platform.engine.support.hierarchical.NodeTestTask.lambda$executeRecursively$9(NodeTestTask.java:139) ~[junit-platform-engine-1.8.2.jar:1.8.2]
	at org.junit.platform.engine.support.hierarchical.ThrowableCollector.execute(ThrowableCollector.java:73) ~[junit-platform-engine-1.8.2.jar:1.8.2]
	at org.junit.platform.engine.support.hierarchical.NodeTestTask.executeRecursively(NodeTestTask.java:138) ~[junit-platform-engine-1.8.2.jar:1.8.2]
	at org.junit.platform.engine.support.hierarchical.NodeTestTask.execute(NodeTestTask.java:95) ~[junit-platform-engine-1.8.2.jar:1.8.2]
	at java.base/java.util.ArrayList.forEach(ArrayList.java:1596) ~[na:na]
	at org.junit.platform.engine.support.hierarchical.SameThreadHierarchicalTestExecutorService.invokeAll(SameThreadHierarchicalTestExecutorService.java:41) ~[junit-platform-engine-1.8.2.jar:1.8.2]
	at org.junit.platform.engine.support.hierarchical.NodeTestTask.lambda$executeRecursively$6(NodeTestTask.java:155) ~[junit-platform-engine-1.8.2.jar:1.8.2]
	at org.junit.platform.engine.support.hierarchical.ThrowableCollector.execute(ThrowableCollector.java:73) ~[junit-platform-engine-1.8.2.jar:1.8.2]
	at org.junit.platform.engine.support.hierarchical.NodeTestTask.lambda$executeRecursively$8(NodeTestTask.java:141) ~[junit-platform-engine-1.8.2.jar:1.8.2]
	at org.junit.platform.engine.support.hierarchical.Node.around(Node.java:137) ~[junit-platform-engine-1.8.2.jar:1.8.2]
	at org.junit.platform.engine.support.hierarchical.NodeTestTask.lambda$executeRecursively$9(NodeTestTask.java:139) ~[junit-platform-engine-1.8.2.jar:1.8.2]
	at org.junit.platform.engine.support.hierarchical.ThrowableCollector.execute(ThrowableCollector.java:73) ~[junit-platform-engine-1.8.2.jar:1.8.2]
	at org.junit.platform.engine.support.hierarchical.NodeTestTask.executeRecursively(NodeTestTask.java:138) ~[junit-platform-engine-1.8.2.jar:1.8.2]
	at org.junit.platform.engine.support.hierarchical.NodeTestTask.execute(NodeTestTask.java:95) ~[junit-platform-engine-1.8.2.jar:1.8.2]
	at java.base/java.util.ArrayList.forEach(ArrayList.java:1596) ~[na:na]
	at org.junit.platform.engine.support.hierarchical.SameThreadHierarchicalTestExecutorService.invokeAll(SameThreadHierarchicalTestExecutorService.java:41) ~[junit-platform-engine-1.8.2.jar:1.8.2]
	at org.junit.platform.engine.support.hierarchical.NodeTestTask.lambda$executeRecursively$6(NodeTestTask.java:155) ~[junit-platform-engine-1.8.2.jar:1.8.2]
	at org.junit.platform.engine.support.hierarchical.ThrowableCollector.execute(ThrowableCollector.java:73) ~[junit-platform-engine-1.8.2.jar:1.8.2]
	at org.junit.platform.engine.support.hierarchical.NodeTestTask.lambda$executeRecursively$8(NodeTestTask.java:141) ~[junit-platform-engine-1.8.2.jar:1.8.2]
	at org.junit.platform.engine.support.hierarchical.Node.around(Node.java:137) ~[junit-platform-engine-1.8.2.jar:1.8.2]
	at org.junit.platform.engine.support.hierarchical.NodeTestTask.lambda$executeRecursively$9(NodeTestTask.java:139) ~[junit-platform-engine-1.8.2.jar:1.8.2]
	at org.junit.platform.engine.support.hierarchical.ThrowableCollector.execute(ThrowableCollector.java:73) ~[junit-platform-engine-1.8.2.jar:1.8.2]
	at org.junit.platform.engine.support.hierarchical.NodeTestTask.executeRecursively(NodeTestTask.java:138) ~[junit-platform-engine-1.8.2.jar:1.8.2]
	at org.junit.platform.engine.support.hierarchical.NodeTestTask.execute(NodeTestTask.java:95) ~[junit-platform-engine-1.8.2.jar:1.8.2]
	at org.junit.platform.engine.support.hierarchical.SameThreadHierarchicalTestExecutorService.submit(SameThreadHierarchicalTestExecutorService.java:35) ~[junit-platform-engine-1.8.2.jar:1.8.2]
	at org.junit.platform.engine.support.hierarchical.HierarchicalTestExecutor.execute(HierarchicalTestExecutor.java:57) ~[junit-platform-engine-1.8.2.jar:1.8.2]
	at org.junit.platform.engine.support.hierarchical.HierarchicalTestEngine.execute(HierarchicalTestEngine.java:54) ~[junit-platform-engine-1.8.2.jar:1.8.2]
	at org.junit.platform.launcher.core.EngineExecutionOrchestrator.execute(EngineExecutionOrchestrator.java:107) ~[junit-platform-launcher-1.8.2.jar:1.8.2]
	at org.junit.platform.launcher.core.EngineExecutionOrchestrator.execute(EngineExecutionOrchestrator.java:88) ~[junit-platform-launcher-1.8.2.jar:1.8.2]
	at org.junit.platform.launcher.core.EngineExecutionOrchestrator.lambda$execute$0(EngineExecutionOrchestrator.java:54) ~[junit-platform-launcher-1.8.2.jar:1.8.2]
	at org.junit.platform.launcher.core.EngineExecutionOrchestrator.withInterceptedStreams(EngineExecutionOrchestrator.java:67) ~[junit-platform-launcher-1.8.2.jar:1.8.2]
	at org.junit.platform.launcher.core.EngineExecutionOrchestrator.execute(EngineExecutionOrchestrator.java:52) ~[junit-platform-launcher-1.8.2.jar:1.8.2]
	at org.junit.platform.launcher.core.DefaultLauncher.execute(DefaultLauncher.java:114) ~[junit-platform-launcher-1.8.2.jar:1.8.2]
	at org.junit.platform.launcher.core.DefaultLauncher.execute(DefaultLauncher.java:86) ~[junit-platform-launcher-1.8.2.jar:1.8.2]
	at org.junit.platform.launcher.core.DefaultLauncherSession$DelegatingLauncher.execute(DefaultLauncherSession.java:86) ~[junit-platform-launcher-1.8.2.jar:1.8.2]
	at org.gradle.api.internal.tasks.testing.junitplatform.JUnitPlatformTestClassProcessor$CollectAllTestClassesExecutor.processAllTestClasses(JUnitPlatformTestClassProcessor.java:124) ~[na:na]
	at org.gradle.api.internal.tasks.testing.junitplatform.JUnitPlatformTestClassProcessor$CollectAllTestClassesExecutor.access$000(JUnitPlatformTestClassProcessor.java:99) ~[na:na]
	at org.gradle.api.internal.tasks.testing.junitplatform.JUnitPlatformTestClassProcessor.stop(JUnitPlatformTestClassProcessor.java:94) ~[na:na]
	at org.gradle.api.internal.tasks.testing.SuiteTestClassProcessor.stop(SuiteTestClassProcessor.java:63) ~[na:na]
	at java.base/jdk.internal.reflect.DirectMethodHandleAccessor.invoke(DirectMethodHandleAccessor.java:103) ~[na:na]
	at java.base/java.lang.reflect.Method.invoke(Method.java:580) ~[na:na]
	at org.gradle.internal.dispatch.ReflectionDispatch.dispatch(ReflectionDispatch.java:36) ~[na:na]
	at org.gradle.internal.dispatch.ReflectionDispatch.dispatch(ReflectionDispatch.java:24) ~[na:na]
	at org.gradle.internal.dispatch.ContextClassLoaderDispatch.dispatch(ContextClassLoaderDispatch.java:33) ~[na:na]
	at org.gradle.internal.dispatch.ProxyDispatchAdapter$DispatchingInvocationHandler.invoke(ProxyDispatchAdapter.java:92) ~[na:na]
	at jdk.proxy1/jdk.proxy1.$Proxy4.stop(Unknown Source) ~[na:na]
	at org.gradle.api.internal.tasks.testing.worker.TestWorker$3.run(TestWorker.java:200) ~[na:na]
	at org.gradle.api.internal.tasks.testing.worker.TestWorker.executeAndMaintainThreadName(TestWorker.java:132) ~[na:na]
	at org.gradle.api.internal.tasks.testing.worker.TestWorker.execute(TestWorker.java:103) ~[na:na]
	at org.gradle.api.internal.tasks.testing.worker.TestWorker.execute(TestWorker.java:63) ~[na:na]
	at org.gradle.process.internal.worker.child.ActionExecutionWorker.execute(ActionExecutionWorker.java:56) ~[na:na]
	at org.gradle.process.internal.worker.child.SystemApplicationClassLoaderWorker.call(SystemApplicationClassLoaderWorker.java:121) ~[na:na]
	at org.gradle.process.internal.worker.child.SystemApplicationClassLoaderWorker.call(SystemApplicationClassLoaderWorker.java:71) ~[na:na]
	at worker.org.gradle.process.internal.worker.GradleWorkerMain.run(GradleWorkerMain.java:69) ~[gradle-worker.jar:na]
	at worker.org.gradle.process.internal.worker.GradleWorkerMain.main(GradleWorkerMain.java:74) ~[gradle-worker.jar:na]

2026-07-27 18:36:56.111  WARN 94488 --- [    Test worker] i.m.p.j.t.InliningClassTransformer       : Failed to transform class java/util/SequencedCollection

java.lang.IllegalArgumentException: Java 21 (65) is not supported by the current version of Byte Buddy which officially supports Java 20 (64) - update Byte Buddy or set net.bytebuddy.experimental as a VM property
	at net.bytebuddy.utility.OpenedClassReader.of(OpenedClassReader.java:96) ~[byte-buddy-1.12.23.jar:na]
	at net.bytebuddy.dynamic.scaffold.TypeWriter$Default$ForInlining.create(TypeWriter.java:4011) ~[byte-buddy-1.12.23.jar:na]
	at net.bytebuddy.dynamic.scaffold.TypeWriter$Default.make(TypeWriter.java:2224) ~[byte-buddy-1.12.23.jar:na]
	at net.bytebuddy.dynamic.DynamicType$Builder$AbstractBase$UsingTypeWriter.make(DynamicType.java:4050) ~[byte-buddy-1.12.23.jar:na]
	at net.bytebuddy.dynamic.DynamicType$Builder$AbstractBase.make(DynamicType.java:3734) ~[byte-buddy-1.12.23.jar:na]
	at io.mockk.proxy.jvm.transformation.InliningClassTransformer.transform(InliningClassTransformer.kt:81) ~[mockk-agent-jvm-1.13.5.jar:na]
	at java.instrument/java.lang.instrument.ClassFileTransformer.transform(ClassFileTransformer.java:244) ~[na:na]
	at java.instrument/sun.instrument.TransformerManager.transform(TransformerManager.java:188) ~[na:na]
	at java.instrument/sun.instrument.InstrumentationImpl.transform(InstrumentationImpl.java:610) ~[na:na]
	at java.instrument/sun.instrument.InstrumentationImpl.retransformClasses0(Native Method) ~[na:na]
	at java.instrument/sun.instrument.InstrumentationImpl.retransformClasses(InstrumentationImpl.java:225) ~[na:na]
	at io.mockk.proxy.jvm.transformation.JvmInlineInstrumentation.retransform(JvmInlineInstrumentation.kt:28) ~[mockk-agent-jvm-1.13.5.jar:na]
	at io.mockk.proxy.common.transformation.RetransformInlineInstrumentation$execute$1.invoke(RetransformInlineInstrumentation.kt:19) ~[mockk-agent-api-jvm-1.13.5.jar:na]
	at io.mockk.proxy.common.transformation.RetransformInlineInstrumentation$execute$1.invoke(RetransformInlineInstrumentation.kt:16) ~[mockk-agent-api-jvm-1.13.5.jar:na]
	at io.mockk.proxy.common.transformation.ClassTransformationSpecMap.applyTransformation(ClassTransformationSpecMap.kt:41) ~[mockk-agent-api-jvm-1.13.5.jar:na]
	at io.mockk.proxy.common.transformation.RetransformInlineInstrumentation.execute(RetransformInlineInstrumentation.kt:16) ~[mockk-agent-api-jvm-1.13.5.jar:na]
	at io.mockk.proxy.common.ProxyMaker.inline(ProxyMaker.kt:104) ~[mockk-agent-api-jvm-1.13.5.jar:na]
	at io.mockk.proxy.common.ProxyMaker.proxy(ProxyMaker.kt:48) ~[mockk-agent-api-jvm-1.13.5.jar:na]
	at io.mockk.impl.instantiation.JvmMockFactory.newProxy(JvmMockFactory.kt:34) ~[mockk-jvm-1.13.5.jar:na]
	at io.mockk.impl.instantiation.AbstractMockFactory.newProxy$default(AbstractMockFactory.kt:24) ~[mockk-jvm-1.13.5.jar:na]
	at io.mockk.impl.instantiation.AbstractMockFactory.temporaryMock(AbstractMockFactory.kt:127) ~[mockk-jvm-1.13.5.jar:na]
	at io.mockk.impl.recording.states.RecordingState$call$temporaryMock$1.invoke(RecordingState.kt:69) ~[mockk-jvm-1.13.5.jar:na]
	at io.mockk.impl.recording.states.RecordingState.call(RecordingState.kt:73) ~[mockk-jvm-1.13.5.jar:na]
	at io.mockk.impl.recording.CommonCallRecorder.call(CommonCallRecorder.kt:53) ~[mockk-jvm-1.13.5.jar:na]
	at io.mockk.impl.stub.MockKStub.handleInvocation(MockKStub.kt:270) ~[mockk-jvm-1.13.5.jar:na]
	at io.mockk.impl.instantiation.JvmMockFactoryHelper$mockHandler$1.invocation(JvmMockFactoryHelper.kt:24) ~[mockk-jvm-1.13.5.jar:na]
	at io.mockk.proxy.jvm.advice.Interceptor.call(Interceptor.kt:21) ~[mockk-agent-jvm-1.13.5.jar:na]
	at io.mockk.proxy.jvm.advice.BaseAdvice.handle(BaseAdvice.kt:42) ~[mockk-agent-jvm-1.13.5.jar:na]
	at io.mockk.proxy.jvm.advice.jvm.JvmMockKProxyInterceptor.interceptNoSuper(JvmMockKProxyInterceptor.java:45) ~[mockk-agent-jvm-1.13.5.jar:na]
	at com.persons.finder.data.repositories.LocationRepository$Subclass0.findAll(Unknown Source) ~[main/:na]
	at com.persons.finder.domain.services.LocationsServiceImplTest$findAround returns only locations within the radius$1.invoke(LocationsServiceImplTest.kt:26) ~[test/:na]
	at com.persons.finder.domain.services.LocationsServiceImplTest$findAround returns only locations within the radius$1.invoke(LocationsServiceImplTest.kt:26) ~[test/:na]
	at io.mockk.impl.eval.RecordedBlockEvaluator$record$block$1.invoke(RecordedBlockEvaluator.kt:25) ~[mockk-jvm-1.13.5.jar:na]
	at io.mockk.impl.eval.RecordedBlockEvaluator$enhanceWithRethrow$1.invoke(RecordedBlockEvaluator.kt:78) ~[mockk-jvm-1.13.5.jar:na]
	at io.mockk.impl.recording.JvmAutoHinter.autoHint(JvmAutoHinter.kt:23) ~[mockk-jvm-1.13.5.jar:na]
	at io.mockk.impl.eval.RecordedBlockEvaluator.record(RecordedBlockEvaluator.kt:40) ~[mockk-jvm-1.13.5.jar:na]
	at io.mockk.impl.eval.EveryBlockEvaluator.every(EveryBlockEvaluator.kt:30) ~[mockk-jvm-1.13.5.jar:na]
	at io.mockk.MockKDsl.internalEvery(API.kt:94) ~[mockk-dsl-jvm-1.13.5.jar:na]
	at io.mockk.MockKKt.every(MockK.kt:143) ~[mockk-jvm-1.13.5.jar:na]
	at com.persons.finder.domain.services.LocationsServiceImplTest.findAround returns only locations within the radius(LocationsServiceImplTest.kt:26) ~[test/:na]
	at java.base/jdk.internal.reflect.DirectMethodHandleAccessor.invoke(DirectMethodHandleAccessor.java:103) ~[na:na]
	at java.base/java.lang.reflect.Method.invoke(Method.java:580) ~[na:na]
	at org.junit.platform.commons.util.ReflectionUtils.invokeMethod(ReflectionUtils.java:725) ~[junit-platform-commons-1.8.2.jar:1.8.2]
	at org.junit.jupiter.engine.execution.MethodInvocation.proceed(MethodInvocation.java:60) ~[junit-jupiter-engine-5.8.2.jar:5.8.2]
	at org.junit.jupiter.engine.execution.InvocationInterceptorChain$ValidatingInvocation.proceed(InvocationInterceptorChain.java:131) ~[junit-jupiter-engine-5.8.2.jar:5.8.2]
	at org.junit.jupiter.engine.extension.TimeoutExtension.intercept(TimeoutExtension.java:149) ~[junit-jupiter-engine-5.8.2.jar:5.8.2]
	at org.junit.jupiter.engine.extension.TimeoutExtension.interceptTestableMethod(TimeoutExtension.java:140) ~[junit-jupiter-engine-5.8.2.jar:5.8.2]
	at org.junit.jupiter.engine.extension.TimeoutExtension.interceptTestMethod(TimeoutExtension.java:84) ~[junit-jupiter-engine-5.8.2.jar:5.8.2]
	at org.junit.jupiter.engine.execution.ExecutableInvoker$ReflectiveInterceptorCall.lambda$ofVoidMethod$0(ExecutableInvoker.java:115) ~[junit-jupiter-engine-5.8.2.jar:5.8.2]
	at org.junit.jupiter.engine.execution.ExecutableInvoker.lambda$invoke$0(ExecutableInvoker.java:105) ~[junit-jupiter-engine-5.8.2.jar:5.8.2]
	at org.junit.jupiter.engine.execution.InvocationInterceptorChain$InterceptedInvocation.proceed(InvocationInterceptorChain.java:106) ~[junit-jupiter-engine-5.8.2.jar:5.8.2]
	at org.junit.jupiter.engine.execution.InvocationInterceptorChain.proceed(InvocationInterceptorChain.java:64) ~[junit-jupiter-engine-5.8.2.jar:5.8.2]
	at org.junit.jupiter.engine.execution.InvocationInterceptorChain.chainAndInvoke(InvocationInterceptorChain.java:45) ~[junit-jupiter-engine-5.8.2.jar:5.8.2]
	at org.junit.jupiter.engine.execution.InvocationInterceptorChain.invoke(InvocationInterceptorChain.java:37) ~[junit-jupiter-engine-5.8.2.jar:5.8.2]
	at org.junit.jupiter.engine.execution.ExecutableInvoker.invoke(ExecutableInvoker.java:104) ~[junit-jupiter-engine-5.8.2.jar:5.8.2]
	at org.junit.jupiter.engine.execution.ExecutableInvoker.invoke(ExecutableInvoker.java:98) ~[junit-jupiter-engine-5.8.2.jar:5.8.2]
	at org.junit.jupiter.engine.descriptor.TestMethodTestDescriptor.lambda$invokeTestMethod$7(TestMethodTestDescriptor.java:214) ~[junit-jupiter-engine-5.8.2.jar:5.8.2]
	at org.junit.platform.engine.support.hierarchical.ThrowableCollector.execute(ThrowableCollector.java:73) ~[junit-platform-engine-1.8.2.jar:1.8.2]
	at org.junit.jupiter.engine.descriptor.TestMethodTestDescriptor.invokeTestMethod(TestMethodTestDescriptor.java:210) ~[junit-jupiter-engine-5.8.2.jar:5.8.2]
	at org.junit.jupiter.engine.descriptor.TestMethodTestDescriptor.execute(TestMethodTestDescriptor.java:135) ~[junit-jupiter-engine-5.8.2.jar:5.8.2]
	at org.junit.jupiter.engine.descriptor.TestMethodTestDescriptor.execute(TestMethodTestDescriptor.java:66) ~[junit-jupiter-engine-5.8.2.jar:5.8.2]
	at org.junit.platform.engine.support.hierarchical.NodeTestTask.lambda$executeRecursively$6(NodeTestTask.java:151) ~[junit-platform-engine-1.8.2.jar:1.8.2]
	at org.junit.platform.engine.support.hierarchical.ThrowableCollector.execute(ThrowableCollector.java:73) ~[junit-platform-engine-1.8.2.jar:1.8.2]
	at org.junit.platform.engine.support.hierarchical.NodeTestTask.lambda$executeRecursively$8(NodeTestTask.java:141) ~[junit-platform-engine-1.8.2.jar:1.8.2]
	at org.junit.platform.engine.support.hierarchical.Node.around(Node.java:137) ~[junit-platform-engine-1.8.2.jar:1.8.2]
	at org.junit.platform.engine.support.hierarchical.NodeTestTask.lambda$executeRecursively$9(NodeTestTask.java:139) ~[junit-platform-engine-1.8.2.jar:1.8.2]
	at org.junit.platform.engine.support.hierarchical.ThrowableCollector.execute(ThrowableCollector.java:73) ~[junit-platform-engine-1.8.2.jar:1.8.2]
	at org.junit.platform.engine.support.hierarchical.NodeTestTask.executeRecursively(NodeTestTask.java:138) ~[junit-platform-engine-1.8.2.jar:1.8.2]
	at org.junit.platform.engine.support.hierarchical.NodeTestTask.execute(NodeTestTask.java:95) ~[junit-platform-engine-1.8.2.jar:1.8.2]
	at java.base/java.util.ArrayList.forEach(ArrayList.java:1596) ~[na:na]
	at org.junit.platform.engine.support.hierarchical.SameThreadHierarchicalTestExecutorService.invokeAll(SameThreadHierarchicalTestExecutorService.java:41) ~[junit-platform-engine-1.8.2.jar:1.8.2]
	at org.junit.platform.engine.support.hierarchical.NodeTestTask.lambda$executeRecursively$6(NodeTestTask.java:155) ~[junit-platform-engine-1.8.2.jar:1.8.2]
	at org.junit.platform.engine.support.hierarchical.ThrowableCollector.execute(ThrowableCollector.java:73) ~[junit-platform-engine-1.8.2.jar:1.8.2]
	at org.junit.platform.engine.support.hierarchical.NodeTestTask.lambda$executeRecursively$8(NodeTestTask.java:141) ~[junit-platform-engine-1.8.2.jar:1.8.2]
	at org.junit.platform.engine.support.hierarchical.Node.around(Node.java:137) ~[junit-platform-engine-1.8.2.jar:1.8.2]
	at org.junit.platform.engine.support.hierarchical.NodeTestTask.lambda$executeRecursively$9(NodeTestTask.java:139) ~[junit-platform-engine-1.8.2.jar:1.8.2]
	at org.junit.platform.engine.support.hierarchical.ThrowableCollector.execute(ThrowableCollector.java:73) ~[junit-platform-engine-1.8.2.jar:1.8.2]
	at org.junit.platform.engine.support.hierarchical.NodeTestTask.executeRecursively(NodeTestTask.java:138) ~[junit-platform-engine-1.8.2.jar:1.8.2]
	at org.junit.platform.engine.support.hierarchical.NodeTestTask.execute(NodeTestTask.java:95) ~[junit-platform-engine-1.8.2.jar:1.8.2]
	at java.base/java.util.ArrayList.forEach(ArrayList.java:1596) ~[na:na]
	at org.junit.platform.engine.support.hierarchical.SameThreadHierarchicalTestExecutorService.invokeAll(SameThreadHierarchicalTestExecutorService.java:41) ~[junit-platform-engine-1.8.2.jar:1.8.2]
	at org.junit.platform.engine.support.hierarchical.NodeTestTask.lambda$executeRecursively$6(NodeTestTask.java:155) ~[junit-platform-engine-1.8.2.jar:1.8.2]
	at org.junit.platform.engine.support.hierarchical.ThrowableCollector.execute(ThrowableCollector.java:73) ~[junit-platform-engine-1.8.2.jar:1.8.2]
	at org.junit.platform.engine.support.hierarchical.NodeTestTask.lambda$executeRecursively$8(NodeTestTask.java:141) ~[junit-platform-engine-1.8.2.jar:1.8.2]
	at org.junit.platform.engine.support.hierarchical.Node.around(Node.java:137) ~[junit-platform-engine-1.8.2.jar:1.8.2]
	at org.junit.platform.engine.support.hierarchical.NodeTestTask.lambda$executeRecursively$9(NodeTestTask.java:139) ~[junit-platform-engine-1.8.2.jar:1.8.2]
	at org.junit.platform.engine.support.hierarchical.ThrowableCollector.execute(ThrowableCollector.java:73) ~[junit-platform-engine-1.8.2.jar:1.8.2]
	at org.junit.platform.engine.support.hierarchical.NodeTestTask.executeRecursively(NodeTestTask.java:138) ~[junit-platform-engine-1.8.2.jar:1.8.2]
	at org.junit.platform.engine.support.hierarchical.NodeTestTask.execute(NodeTestTask.java:95) ~[junit-platform-engine-1.8.2.jar:1.8.2]
	at org.junit.platform.engine.support.hierarchical.SameThreadHierarchicalTestExecutorService.submit(SameThreadHierarchicalTestExecutorService.java:35) ~[junit-platform-engine-1.8.2.jar:1.8.2]
	at org.junit.platform.engine.support.hierarchical.HierarchicalTestExecutor.execute(HierarchicalTestExecutor.java:57) ~[junit-platform-engine-1.8.2.jar:1.8.2]
	at org.junit.platform.engine.support.hierarchical.HierarchicalTestEngine.execute(HierarchicalTestEngine.java:54) ~[junit-platform-engine-1.8.2.jar:1.8.2]
	at org.junit.platform.launcher.core.EngineExecutionOrchestrator.execute(EngineExecutionOrchestrator.java:107) ~[junit-platform-launcher-1.8.2.jar:1.8.2]
	at org.junit.platform.launcher.core.EngineExecutionOrchestrator.execute(EngineExecutionOrchestrator.java:88) ~[junit-platform-launcher-1.8.2.jar:1.8.2]
	at org.junit.platform.launcher.core.EngineExecutionOrchestrator.lambda$execute$0(EngineExecutionOrchestrator.java:54) ~[junit-platform-launcher-1.8.2.jar:1.8.2]
	at org.junit.platform.launcher.core.EngineExecutionOrchestrator.withInterceptedStreams(EngineExecutionOrchestrator.java:67) ~[junit-platform-launcher-1.8.2.jar:1.8.2]
	at org.junit.platform.launcher.core.EngineExecutionOrchestrator.execute(EngineExecutionOrchestrator.java:52) ~[junit-platform-launcher-1.8.2.jar:1.8.2]
	at org.junit.platform.launcher.core.DefaultLauncher.execute(DefaultLauncher.java:114) ~[junit-platform-launcher-1.8.2.jar:1.8.2]
	at org.junit.platform.launcher.core.DefaultLauncher.execute(DefaultLauncher.java:86) ~[junit-platform-launcher-1.8.2.jar:1.8.2]
	at org.junit.platform.launcher.core.DefaultLauncherSession$DelegatingLauncher.execute(DefaultLauncherSession.java:86) ~[junit-platform-launcher-1.8.2.jar:1.8.2]
	at org.gradle.api.internal.tasks.testing.junitplatform.JUnitPlatformTestClassProcessor$CollectAllTestClassesExecutor.processAllTestClasses(JUnitPlatformTestClassProcessor.java:124) ~[na:na]
	at org.gradle.api.internal.tasks.testing.junitplatform.JUnitPlatformTestClassProcessor$CollectAllTestClassesExecutor.access$000(JUnitPlatformTestClassProcessor.java:99) ~[na:na]
	at org.gradle.api.internal.tasks.testing.junitplatform.JUnitPlatformTestClassProcessor.stop(JUnitPlatformTestClassProcessor.java:94) ~[na:na]
	at org.gradle.api.internal.tasks.testing.SuiteTestClassProcessor.stop(SuiteTestClassProcessor.java:63) ~[na:na]
	at java.base/jdk.internal.reflect.DirectMethodHandleAccessor.invoke(DirectMethodHandleAccessor.java:103) ~[na:na]
	at java.base/java.lang.reflect.Method.invoke(Method.java:580) ~[na:na]
	at org.gradle.internal.dispatch.ReflectionDispatch.dispatch(ReflectionDispatch.java:36) ~[na:na]
	at org.gradle.internal.dispatch.ReflectionDispatch.dispatch(ReflectionDispatch.java:24) ~[na:na]
	at org.gradle.internal.dispatch.ContextClassLoaderDispatch.dispatch(ContextClassLoaderDispatch.java:33) ~[na:na]
	at org.gradle.internal.dispatch.ProxyDispatchAdapter$DispatchingInvocationHandler.invoke(ProxyDispatchAdapter.java:92) ~[na:na]
	at jdk.proxy1/jdk.proxy1.$Proxy4.stop(Unknown Source) ~[na:na]
	at org.gradle.api.internal.tasks.testing.worker.TestWorker$3.run(TestWorker.java:200) ~[na:na]
	at org.gradle.api.internal.tasks.testing.worker.TestWorker.executeAndMaintainThreadName(TestWorker.java:132) ~[na:na]
	at org.gradle.api.internal.tasks.testing.worker.TestWorker.execute(TestWorker.java:103) ~[na:na]
	at org.gradle.api.internal.tasks.testing.worker.TestWorker.execute(TestWorker.java:63) ~[na:na]
	at org.gradle.process.internal.worker.child.ActionExecutionWorker.execute(ActionExecutionWorker.java:56) ~[na:na]
	at org.gradle.process.internal.worker.child.SystemApplicationClassLoaderWorker.call(SystemApplicationClassLoaderWorker.java:121) ~[na:na]
	at org.gradle.process.internal.worker.child.SystemApplicationClassLoaderWorker.call(SystemApplicationClassLoaderWorker.java:71) ~[na:na]
	at worker.org.gradle.process.internal.worker.GradleWorkerMain.run(GradleWorkerMain.java:69) ~[gradle-worker.jar:na]
	at worker.org.gradle.process.internal.worker.GradleWorkerMain.main(GradleWorkerMain.java:74) ~[gradle-worker.jar:na]

2026-07-27 18:36:56.117  WARN 94488 --- [    Test worker] i.m.p.j.t.InliningClassTransformer       : Failed to transform class java/util/Collection

java.lang.IllegalArgumentException: Java 21 (65) is not supported by the current version of Byte Buddy which officially supports Java 20 (64) - update Byte Buddy or set net.bytebuddy.experimental as a VM property
	at net.bytebuddy.utility.OpenedClassReader.of(OpenedClassReader.java:96) ~[byte-buddy-1.12.23.jar:na]
	at net.bytebuddy.dynamic.scaffold.TypeWriter$Default$ForInlining.create(TypeWriter.java:4011) ~[byte-buddy-1.12.23.jar:na]
	at net.bytebuddy.dynamic.scaffold.TypeWriter$Default.make(TypeWriter.java:2224) ~[byte-buddy-1.12.23.jar:na]
	at net.bytebuddy.dynamic.DynamicType$Builder$AbstractBase$UsingTypeWriter.make(DynamicType.java:4050) ~[byte-buddy-1.12.23.jar:na]
	at net.bytebuddy.dynamic.DynamicType$Builder$AbstractBase.make(DynamicType.java:3734) ~[byte-buddy-1.12.23.jar:na]
	at io.mockk.proxy.jvm.transformation.InliningClassTransformer.transform(InliningClassTransformer.kt:81) ~[mockk-agent-jvm-1.13.5.jar:na]
	at java.instrument/java.lang.instrument.ClassFileTransformer.transform(ClassFileTransformer.java:244) ~[na:na]
	at java.instrument/sun.instrument.TransformerManager.transform(TransformerManager.java:188) ~[na:na]
	at java.instrument/sun.instrument.InstrumentationImpl.transform(InstrumentationImpl.java:610) ~[na:na]
	at java.instrument/sun.instrument.InstrumentationImpl.retransformClasses0(Native Method) ~[na:na]
	at java.instrument/sun.instrument.InstrumentationImpl.retransformClasses(InstrumentationImpl.java:225) ~[na:na]
	at io.mockk.proxy.jvm.transformation.JvmInlineInstrumentation.retransform(JvmInlineInstrumentation.kt:28) ~[mockk-agent-jvm-1.13.5.jar:na]
	at io.mockk.proxy.common.transformation.RetransformInlineInstrumentation$execute$1.invoke(RetransformInlineInstrumentation.kt:19) ~[mockk-agent-api-jvm-1.13.5.jar:na]
	at io.mockk.proxy.common.transformation.RetransformInlineInstrumentation$execute$1.invoke(RetransformInlineInstrumentation.kt:16) ~[mockk-agent-api-jvm-1.13.5.jar:na]
	at io.mockk.proxy.common.transformation.ClassTransformationSpecMap.applyTransformation(ClassTransformationSpecMap.kt:41) ~[mockk-agent-api-jvm-1.13.5.jar:na]
	at io.mockk.proxy.common.transformation.RetransformInlineInstrumentation.execute(RetransformInlineInstrumentation.kt:16) ~[mockk-agent-api-jvm-1.13.5.jar:na]
	at io.mockk.proxy.common.ProxyMaker.inline(ProxyMaker.kt:104) ~[mockk-agent-api-jvm-1.13.5.jar:na]
	at io.mockk.proxy.common.ProxyMaker.proxy(ProxyMaker.kt:48) ~[mockk-agent-api-jvm-1.13.5.jar:na]
	at io.mockk.impl.instantiation.JvmMockFactory.newProxy(JvmMockFactory.kt:34) ~[mockk-jvm-1.13.5.jar:na]
	at io.mockk.impl.instantiation.AbstractMockFactory.newProxy$default(AbstractMockFactory.kt:24) ~[mockk-jvm-1.13.5.jar:na]
	at io.mockk.impl.instantiation.AbstractMockFactory.temporaryMock(AbstractMockFactory.kt:127) ~[mockk-jvm-1.13.5.jar:na]
	at io.mockk.impl.recording.states.RecordingState$call$temporaryMock$1.invoke(RecordingState.kt:69) ~[mockk-jvm-1.13.5.jar:na]
	at io.mockk.impl.recording.states.RecordingState.call(RecordingState.kt:73) ~[mockk-jvm-1.13.5.jar:na]
	at io.mockk.impl.recording.CommonCallRecorder.call(CommonCallRecorder.kt:53) ~[mockk-jvm-1.13.5.jar:na]
	at io.mockk.impl.stub.MockKStub.handleInvocation(MockKStub.kt:270) ~[mockk-jvm-1.13.5.jar:na]
	at io.mockk.impl.instantiation.JvmMockFactoryHelper$mockHandler$1.invocation(JvmMockFactoryHelper.kt:24) ~[mockk-jvm-1.13.5.jar:na]
	at io.mockk.proxy.jvm.advice.Interceptor.call(Interceptor.kt:21) ~[mockk-agent-jvm-1.13.5.jar:na]
	at io.mockk.proxy.jvm.advice.BaseAdvice.handle(BaseAdvice.kt:42) ~[mockk-agent-jvm-1.13.5.jar:na]
	at io.mockk.proxy.jvm.advice.jvm.JvmMockKProxyInterceptor.interceptNoSuper(JvmMockKProxyInterceptor.java:45) ~[mockk-agent-jvm-1.13.5.jar:na]
	at com.persons.finder.data.repositories.LocationRepository$Subclass0.findAll(Unknown Source) ~[main/:na]
	at com.persons.finder.domain.services.LocationsServiceImplTest$findAround returns only locations within the radius$1.invoke(LocationsServiceImplTest.kt:26) ~[test/:na]
	at com.persons.finder.domain.services.LocationsServiceImplTest$findAround returns only locations within the radius$1.invoke(LocationsServiceImplTest.kt:26) ~[test/:na]
	at io.mockk.impl.eval.RecordedBlockEvaluator$record$block$1.invoke(RecordedBlockEvaluator.kt:25) ~[mockk-jvm-1.13.5.jar:na]
	at io.mockk.impl.eval.RecordedBlockEvaluator$enhanceWithRethrow$1.invoke(RecordedBlockEvaluator.kt:78) ~[mockk-jvm-1.13.5.jar:na]
	at io.mockk.impl.recording.JvmAutoHinter.autoHint(JvmAutoHinter.kt:23) ~[mockk-jvm-1.13.5.jar:na]
	at io.mockk.impl.eval.RecordedBlockEvaluator.record(RecordedBlockEvaluator.kt:40) ~[mockk-jvm-1.13.5.jar:na]
	at io.mockk.impl.eval.EveryBlockEvaluator.every(EveryBlockEvaluator.kt:30) ~[mockk-jvm-1.13.5.jar:na]
	at io.mockk.MockKDsl.internalEvery(API.kt:94) ~[mockk-dsl-jvm-1.13.5.jar:na]
	at io.mockk.MockKKt.every(MockK.kt:143) ~[mockk-jvm-1.13.5.jar:na]
	at com.persons.finder.domain.services.LocationsServiceImplTest.findAround returns only locations within the radius(LocationsServiceImplTest.kt:26) ~[test/:na]
	at java.base/jdk.internal.reflect.DirectMethodHandleAccessor.invoke(DirectMethodHandleAccessor.java:103) ~[na:na]
	at java.base/java.lang.reflect.Method.invoke(Method.java:580) ~[na:na]
	at org.junit.platform.commons.util.ReflectionUtils.invokeMethod(ReflectionUtils.java:725) ~[junit-platform-commons-1.8.2.jar:1.8.2]
	at org.junit.jupiter.engine.execution.MethodInvocation.proceed(MethodInvocation.java:60) ~[junit-jupiter-engine-5.8.2.jar:5.8.2]
	at org.junit.jupiter.engine.execution.InvocationInterceptorChain$ValidatingInvocation.proceed(InvocationInterceptorChain.java:131) ~[junit-jupiter-engine-5.8.2.jar:5.8.2]
	at org.junit.jupiter.engine.extension.TimeoutExtension.intercept(TimeoutExtension.java:149) ~[junit-jupiter-engine-5.8.2.jar:5.8.2]
	at org.junit.jupiter.engine.extension.TimeoutExtension.interceptTestableMethod(TimeoutExtension.java:140) ~[junit-jupiter-engine-5.8.2.jar:5.8.2]
	at org.junit.jupiter.engine.extension.TimeoutExtension.interceptTestMethod(TimeoutExtension.java:84) ~[junit-jupiter-engine-5.8.2.jar:5.8.2]
	at org.junit.jupiter.engine.execution.ExecutableInvoker$ReflectiveInterceptorCall.lambda$ofVoidMethod$0(ExecutableInvoker.java:115) ~[junit-jupiter-engine-5.8.2.jar:5.8.2]
	at org.junit.jupiter.engine.execution.ExecutableInvoker.lambda$invoke$0(ExecutableInvoker.java:105) ~[junit-jupiter-engine-5.8.2.jar:5.8.2]
	at org.junit.jupiter.engine.execution.InvocationInterceptorChain$InterceptedInvocation.proceed(InvocationInterceptorChain.java:106) ~[junit-jupiter-engine-5.8.2.jar:5.8.2]
	at org.junit.jupiter.engine.execution.InvocationInterceptorChain.proceed(InvocationInterceptorChain.java:64) ~[junit-jupiter-engine-5.8.2.jar:5.8.2]
	at org.junit.jupiter.engine.execution.InvocationInterceptorChain.chainAndInvoke(InvocationInterceptorChain.java:45) ~[junit-jupiter-engine-5.8.2.jar:5.8.2]
	at org.junit.jupiter.engine.execution.InvocationInterceptorChain.invoke(InvocationInterceptorChain.java:37) ~[junit-jupiter-engine-5.8.2.jar:5.8.2]
	at org.junit.jupiter.engine.execution.ExecutableInvoker.invoke(ExecutableInvoker.java:104) ~[junit-jupiter-engine-5.8.2.jar:5.8.2]
	at org.junit.jupiter.engine.execution.ExecutableInvoker.invoke(ExecutableInvoker.java:98) ~[junit-jupiter-engine-5.8.2.jar:5.8.2]
	at org.junit.jupiter.engine.descriptor.TestMethodTestDescriptor.lambda$invokeTestMethod$7(TestMethodTestDescriptor.java:214) ~[junit-jupiter-engine-5.8.2.jar:5.8.2]
	at org.junit.platform.engine.support.hierarchical.ThrowableCollector.execute(ThrowableCollector.java:73) ~[junit-platform-engine-1.8.2.jar:1.8.2]
	at org.junit.jupiter.engine.descriptor.TestMethodTestDescriptor.invokeTestMethod(TestMethodTestDescriptor.java:210) ~[junit-jupiter-engine-5.8.2.jar:5.8.2]
	at org.junit.jupiter.engine.descriptor.TestMethodTestDescriptor.execute(TestMethodTestDescriptor.java:135) ~[junit-jupiter-engine-5.8.2.jar:5.8.2]
	at org.junit.jupiter.engine.descriptor.TestMethodTestDescriptor.execute(TestMethodTestDescriptor.java:66) ~[junit-jupiter-engine-5.8.2.jar:5.8.2]
	at org.junit.platform.engine.support.hierarchical.NodeTestTask.lambda$executeRecursively$6(NodeTestTask.java:151) ~[junit-platform-engine-1.8.2.jar:1.8.2]
	at org.junit.platform.engine.support.hierarchical.ThrowableCollector.execute(ThrowableCollector.java:73) ~[junit-platform-engine-1.8.2.jar:1.8.2]
	at org.junit.platform.engine.support.hierarchical.NodeTestTask.lambda$executeRecursively$8(NodeTestTask.java:141) ~[junit-platform-engine-1.8.2.jar:1.8.2]
	at org.junit.platform.engine.support.hierarchical.Node.around(Node.java:137) ~[junit-platform-engine-1.8.2.jar:1.8.2]
	at org.junit.platform.engine.support.hierarchical.NodeTestTask.lambda$executeRecursively$9(NodeTestTask.java:139) ~[junit-platform-engine-1.8.2.jar:1.8.2]
	at org.junit.platform.engine.support.hierarchical.ThrowableCollector.execute(ThrowableCollector.java:73) ~[junit-platform-engine-1.8.2.jar:1.8.2]
	at org.junit.platform.engine.support.hierarchical.NodeTestTask.executeRecursively(NodeTestTask.java:138) ~[junit-platform-engine-1.8.2.jar:1.8.2]
	at org.junit.platform.engine.support.hierarchical.NodeTestTask.execute(NodeTestTask.java:95) ~[junit-platform-engine-1.8.2.jar:1.8.2]
	at java.base/java.util.ArrayList.forEach(ArrayList.java:1596) ~[na:na]
	at org.junit.platform.engine.support.hierarchical.SameThreadHierarchicalTestExecutorService.invokeAll(SameThreadHierarchicalTestExecutorService.java:41) ~[junit-platform-engine-1.8.2.jar:1.8.2]
	at org.junit.platform.engine.support.hierarchical.NodeTestTask.lambda$executeRecursively$6(NodeTestTask.java:155) ~[junit-platform-engine-1.8.2.jar:1.8.2]
	at org.junit.platform.engine.support.hierarchical.ThrowableCollector.execute(ThrowableCollector.java:73) ~[junit-platform-engine-1.8.2.jar:1.8.2]
	at org.junit.platform.engine.support.hierarchical.NodeTestTask.lambda$executeRecursively$8(NodeTestTask.java:141) ~[junit-platform-engine-1.8.2.jar:1.8.2]
	at org.junit.platform.engine.support.hierarchical.Node.around(Node.java:137) ~[junit-platform-engine-1.8.2.jar:1.8.2]
	at org.junit.platform.engine.support.hierarchical.NodeTestTask.lambda$executeRecursively$9(NodeTestTask.java:139) ~[junit-platform-engine-1.8.2.jar:1.8.2]
	at org.junit.platform.engine.support.hierarchical.ThrowableCollector.execute(ThrowableCollector.java:73) ~[junit-platform-engine-1.8.2.jar:1.8.2]
	at org.junit.platform.engine.support.hierarchical.NodeTestTask.executeRecursively(NodeTestTask.java:138) ~[junit-platform-engine-1.8.2.jar:1.8.2]
	at org.junit.platform.engine.support.hierarchical.NodeTestTask.execute(NodeTestTask.java:95) ~[junit-platform-engine-1.8.2.jar:1.8.2]
	at java.base/java.util.ArrayList.forEach(ArrayList.java:1596) ~[na:na]
	at org.junit.platform.engine.support.hierarchical.SameThreadHierarchicalTestExecutorService.invokeAll(SameThreadHierarchicalTestExecutorService.java:41) ~[junit-platform-engine-1.8.2.jar:1.8.2]
	at org.junit.platform.engine.support.hierarchical.NodeTestTask.lambda$executeRecursively$6(NodeTestTask.java:155) ~[junit-platform-engine-1.8.2.jar:1.8.2]
	at org.junit.platform.engine.support.hierarchical.ThrowableCollector.execute(ThrowableCollector.java:73) ~[junit-platform-engine-1.8.2.jar:1.8.2]
	at org.junit.platform.engine.support.hierarchical.NodeTestTask.lambda$executeRecursively$8(NodeTestTask.java:141) ~[junit-platform-engine-1.8.2.jar:1.8.2]
	at org.junit.platform.engine.support.hierarchical.Node.around(Node.java:137) ~[junit-platform-engine-1.8.2.jar:1.8.2]
	at org.junit.platform.engine.support.hierarchical.NodeTestTask.lambda$executeRecursively$9(NodeTestTask.java:139) ~[junit-platform-engine-1.8.2.jar:1.8.2]
	at org.junit.platform.engine.support.hierarchical.ThrowableCollector.execute(ThrowableCollector.java:73) ~[junit-platform-engine-1.8.2.jar:1.8.2]
	at org.junit.platform.engine.support.hierarchical.NodeTestTask.executeRecursively(NodeTestTask.java:138) ~[junit-platform-engine-1.8.2.jar:1.8.2]
	at org.junit.platform.engine.support.hierarchical.NodeTestTask.execute(NodeTestTask.java:95) ~[junit-platform-engine-1.8.2.jar:1.8.2]
	at org.junit.platform.engine.support.hierarchical.SameThreadHierarchicalTestExecutorService.submit(SameThreadHierarchicalTestExecutorService.java:35) ~[junit-platform-engine-1.8.2.jar:1.8.2]
	at org.junit.platform.engine.support.hierarchical.HierarchicalTestExecutor.execute(HierarchicalTestExecutor.java:57) ~[junit-platform-engine-1.8.2.jar:1.8.2]
	at org.junit.platform.engine.support.hierarchical.HierarchicalTestEngine.execute(HierarchicalTestEngine.java:54) ~[junit-platform-engine-1.8.2.jar:1.8.2]
	at org.junit.platform.launcher.core.EngineExecutionOrchestrator.execute(EngineExecutionOrchestrator.java:107) ~[junit-platform-launcher-1.8.2.jar:1.8.2]
	at org.junit.platform.launcher.core.EngineExecutionOrchestrator.execute(EngineExecutionOrchestrator.java:88) ~[junit-platform-launcher-1.8.2.jar:1.8.2]
	at org.junit.platform.launcher.core.EngineExecutionOrchestrator.lambda$execute$0(EngineExecutionOrchestrator.java:54) ~[junit-platform-launcher-1.8.2.jar:1.8.2]
	at org.junit.platform.launcher.core.EngineExecutionOrchestrator.withInterceptedStreams(EngineExecutionOrchestrator.java:67) ~[junit-platform-launcher-1.8.2.jar:1.8.2]
	at org.junit.platform.launcher.core.EngineExecutionOrchestrator.execute(EngineExecutionOrchestrator.java:52) ~[junit-platform-launcher-1.8.2.jar:1.8.2]
	at org.junit.platform.launcher.core.DefaultLauncher.execute(DefaultLauncher.java:114) ~[junit-platform-launcher-1.8.2.jar:1.8.2]
	at org.junit.platform.launcher.core.DefaultLauncher.execute(DefaultLauncher.java:86) ~[junit-platform-launcher-1.8.2.jar:1.8.2]
	at org.junit.platform.launcher.core.DefaultLauncherSession$DelegatingLauncher.execute(DefaultLauncherSession.java:86) ~[junit-platform-launcher-1.8.2.jar:1.8.2]
	at org.gradle.api.internal.tasks.testing.junitplatform.JUnitPlatformTestClassProcessor$CollectAllTestClassesExecutor.processAllTestClasses(JUnitPlatformTestClassProcessor.java:124) ~[na:na]
	at org.gradle.api.internal.tasks.testing.junitplatform.JUnitPlatformTestClassProcessor$CollectAllTestClassesExecutor.access$000(JUnitPlatformTestClassProcessor.java:99) ~[na:na]
	at org.gradle.api.internal.tasks.testing.junitplatform.JUnitPlatformTestClassProcessor.stop(JUnitPlatformTestClassProcessor.java:94) ~[na:na]
	at org.gradle.api.internal.tasks.testing.SuiteTestClassProcessor.stop(SuiteTestClassProcessor.java:63) ~[na:na]
	at java.base/jdk.internal.reflect.DirectMethodHandleAccessor.invoke(DirectMethodHandleAccessor.java:103) ~[na:na]
	at java.base/java.lang.reflect.Method.invoke(Method.java:580) ~[na:na]
	at org.gradle.internal.dispatch.ReflectionDispatch.dispatch(ReflectionDispatch.java:36) ~[na:na]
	at org.gradle.internal.dispatch.ReflectionDispatch.dispatch(ReflectionDispatch.java:24) ~[na:na]
	at org.gradle.internal.dispatch.ContextClassLoaderDispatch.dispatch(ContextClassLoaderDispatch.java:33) ~[na:na]
	at org.gradle.internal.dispatch.ProxyDispatchAdapter$DispatchingInvocationHandler.invoke(ProxyDispatchAdapter.java:92) ~[na:na]
	at jdk.proxy1/jdk.proxy1.$Proxy4.stop(Unknown Source) ~[na:na]
	at org.gradle.api.internal.tasks.testing.worker.TestWorker$3.run(TestWorker.java:200) ~[na:na]
	at org.gradle.api.internal.tasks.testing.worker.TestWorker.executeAndMaintainThreadName(TestWorker.java:132) ~[na:na]
	at org.gradle.api.internal.tasks.testing.worker.TestWorker.execute(TestWorker.java:103) ~[na:na]
	at org.gradle.api.internal.tasks.testing.worker.TestWorker.execute(TestWorker.java:63) ~[na:na]
	at org.gradle.process.internal.worker.child.ActionExecutionWorker.execute(ActionExecutionWorker.java:56) ~[na:na]
	at org.gradle.process.internal.worker.child.SystemApplicationClassLoaderWorker.call(SystemApplicationClassLoaderWorker.java:121) ~[na:na]
	at org.gradle.process.internal.worker.child.SystemApplicationClassLoaderWorker.call(SystemApplicationClassLoaderWorker.java:71) ~[na:na]
	at worker.org.gradle.process.internal.worker.GradleWorkerMain.run(GradleWorkerMain.java:69) ~[gradle-worker.jar:na]
	at worker.org.gradle.process.internal.worker.GradleWorkerMain.main(GradleWorkerMain.java:74) ~[gradle-worker.jar:na]

2026-07-27 18:36:56.121  WARN 94488 --- [    Test worker] i.m.p.j.t.InliningClassTransformer       : Failed to transform class java/lang/Iterable

java.lang.IllegalArgumentException: Java 21 (65) is not supported by the current version of Byte Buddy which officially supports Java 20 (64) - update Byte Buddy or set net.bytebuddy.experimental as a VM property
	at net.bytebuddy.utility.OpenedClassReader.of(OpenedClassReader.java:96) ~[byte-buddy-1.12.23.jar:na]
	at net.bytebuddy.dynamic.scaffold.TypeWriter$Default$ForInlining.create(TypeWriter.java:4011) ~[byte-buddy-1.12.23.jar:na]
	at net.bytebuddy.dynamic.scaffold.TypeWriter$Default.make(TypeWriter.java:2224) ~[byte-buddy-1.12.23.jar:na]
	at net.bytebuddy.dynamic.DynamicType$Builder$AbstractBase$UsingTypeWriter.make(DynamicType.java:4050) ~[byte-buddy-1.12.23.jar:na]
	at net.bytebuddy.dynamic.DynamicType$Builder$AbstractBase.make(DynamicType.java:3734) ~[byte-buddy-1.12.23.jar:na]
	at io.mockk.proxy.jvm.transformation.InliningClassTransformer.transform(InliningClassTransformer.kt:81) ~[mockk-agent-jvm-1.13.5.jar:na]
	at java.instrument/java.lang.instrument.ClassFileTransformer.transform(ClassFileTransformer.java:244) ~[na:na]
	at java.instrument/sun.instrument.TransformerManager.transform(TransformerManager.java:188) ~[na:na]
	at java.instrument/sun.instrument.InstrumentationImpl.transform(InstrumentationImpl.java:610) ~[na:na]
	at java.instrument/sun.instrument.InstrumentationImpl.retransformClasses0(Native Method) ~[na:na]
	at java.instrument/sun.instrument.InstrumentationImpl.retransformClasses(InstrumentationImpl.java:225) ~[na:na]
	at io.mockk.proxy.jvm.transformation.JvmInlineInstrumentation.retransform(JvmInlineInstrumentation.kt:28) ~[mockk-agent-jvm-1.13.5.jar:na]
	at io.mockk.proxy.common.transformation.RetransformInlineInstrumentation$execute$1.invoke(RetransformInlineInstrumentation.kt:19) ~[mockk-agent-api-jvm-1.13.5.jar:na]
	at io.mockk.proxy.common.transformation.RetransformInlineInstrumentation$execute$1.invoke(RetransformInlineInstrumentation.kt:16) ~[mockk-agent-api-jvm-1.13.5.jar:na]
	at io.mockk.proxy.common.transformation.ClassTransformationSpecMap.applyTransformation(ClassTransformationSpecMap.kt:41) ~[mockk-agent-api-jvm-1.13.5.jar:na]
	at io.mockk.proxy.common.transformation.RetransformInlineInstrumentation.execute(RetransformInlineInstrumentation.kt:16) ~[mockk-agent-api-jvm-1.13.5.jar:na]
	at io.mockk.proxy.common.ProxyMaker.inline(ProxyMaker.kt:104) ~[mockk-agent-api-jvm-1.13.5.jar:na]
	at io.mockk.proxy.common.ProxyMaker.proxy(ProxyMaker.kt:48) ~[mockk-agent-api-jvm-1.13.5.jar:na]
	at io.mockk.impl.instantiation.JvmMockFactory.newProxy(JvmMockFactory.kt:34) ~[mockk-jvm-1.13.5.jar:na]
	at io.mockk.impl.instantiation.AbstractMockFactory.newProxy$default(AbstractMockFactory.kt:24) ~[mockk-jvm-1.13.5.jar:na]
	at io.mockk.impl.instantiation.AbstractMockFactory.temporaryMock(AbstractMockFactory.kt:127) ~[mockk-jvm-1.13.5.jar:na]
	at io.mockk.impl.recording.states.RecordingState$call$temporaryMock$1.invoke(RecordingState.kt:69) ~[mockk-jvm-1.13.5.jar:na]
	at io.mockk.impl.recording.states.RecordingState.call(RecordingState.kt:73) ~[mockk-jvm-1.13.5.jar:na]
	at io.mockk.impl.recording.CommonCallRecorder.call(CommonCallRecorder.kt:53) ~[mockk-jvm-1.13.5.jar:na]
	at io.mockk.impl.stub.MockKStub.handleInvocation(MockKStub.kt:270) ~[mockk-jvm-1.13.5.jar:na]
	at io.mockk.impl.instantiation.JvmMockFactoryHelper$mockHandler$1.invocation(JvmMockFactoryHelper.kt:24) ~[mockk-jvm-1.13.5.jar:na]
	at io.mockk.proxy.jvm.advice.Interceptor.call(Interceptor.kt:21) ~[mockk-agent-jvm-1.13.5.jar:na]
	at io.mockk.proxy.jvm.advice.BaseAdvice.handle(BaseAdvice.kt:42) ~[mockk-agent-jvm-1.13.5.jar:na]
	at io.mockk.proxy.jvm.advice.jvm.JvmMockKProxyInterceptor.interceptNoSuper(JvmMockKProxyInterceptor.java:45) ~[mockk-agent-jvm-1.13.5.jar:na]
	at com.persons.finder.data.repositories.LocationRepository$Subclass0.findAll(Unknown Source) ~[main/:na]
	at com.persons.finder.domain.services.LocationsServiceImplTest$findAround returns only locations within the radius$1.invoke(LocationsServiceImplTest.kt:26) ~[test/:na]
	at com.persons.finder.domain.services.LocationsServiceImplTest$findAround returns only locations within the radius$1.invoke(LocationsServiceImplTest.kt:26) ~[test/:na]
	at io.mockk.impl.eval.RecordedBlockEvaluator$record$block$1.invoke(RecordedBlockEvaluator.kt:25) ~[mockk-jvm-1.13.5.jar:na]
	at io.mockk.impl.eval.RecordedBlockEvaluator$enhanceWithRethrow$1.invoke(RecordedBlockEvaluator.kt:78) ~[mockk-jvm-1.13.5.jar:na]
	at io.mockk.impl.recording.JvmAutoHinter.autoHint(JvmAutoHinter.kt:23) ~[mockk-jvm-1.13.5.jar:na]
	at io.mockk.impl.eval.RecordedBlockEvaluator.record(RecordedBlockEvaluator.kt:40) ~[mockk-jvm-1.13.5.jar:na]
	at io.mockk.impl.eval.EveryBlockEvaluator.every(EveryBlockEvaluator.kt:30) ~[mockk-jvm-1.13.5.jar:na]
	at io.mockk.MockKDsl.internalEvery(API.kt:94) ~[mockk-dsl-jvm-1.13.5.jar:na]
	at io.mockk.MockKKt.every(MockK.kt:143) ~[mockk-jvm-1.13.5.jar:na]
	at com.persons.finder.domain.services.LocationsServiceImplTest.findAround returns only locations within the radius(LocationsServiceImplTest.kt:26) ~[test/:na]
	at java.base/jdk.internal.reflect.DirectMethodHandleAccessor.invoke(DirectMethodHandleAccessor.java:103) ~[na:na]
	at java.base/java.lang.reflect.Method.invoke(Method.java:580) ~[na:na]
	at org.junit.platform.commons.util.ReflectionUtils.invokeMethod(ReflectionUtils.java:725) ~[junit-platform-commons-1.8.2.jar:1.8.2]
	at org.junit.jupiter.engine.execution.MethodInvocation.proceed(MethodInvocation.java:60) ~[junit-jupiter-engine-5.8.2.jar:5.8.2]
	at org.junit.jupiter.engine.execution.InvocationInterceptorChain$ValidatingInvocation.proceed(InvocationInterceptorChain.java:131) ~[junit-jupiter-engine-5.8.2.jar:5.8.2]
	at org.junit.jupiter.engine.extension.TimeoutExtension.intercept(TimeoutExtension.java:149) ~[junit-jupiter-engine-5.8.2.jar:5.8.2]
	at org.junit.jupiter.engine.extension.TimeoutExtension.interceptTestableMethod(TimeoutExtension.java:140) ~[junit-jupiter-engine-5.8.2.jar:5.8.2]
	at org.junit.jupiter.engine.extension.TimeoutExtension.interceptTestMethod(TimeoutExtension.java:84) ~[junit-jupiter-engine-5.8.2.jar:5.8.2]
	at org.junit.jupiter.engine.execution.ExecutableInvoker$ReflectiveInterceptorCall.lambda$ofVoidMethod$0(ExecutableInvoker.java:115) ~[junit-jupiter-engine-5.8.2.jar:5.8.2]
	at org.junit.jupiter.engine.execution.ExecutableInvoker.lambda$invoke$0(ExecutableInvoker.java:105) ~[junit-jupiter-engine-5.8.2.jar:5.8.2]
	at org.junit.jupiter.engine.execution.InvocationInterceptorChain$InterceptedInvocation.proceed(InvocationInterceptorChain.java:106) ~[junit-jupiter-engine-5.8.2.jar:5.8.2]
	at org.junit.jupiter.engine.execution.InvocationInterceptorChain.proceed(InvocationInterceptorChain.java:64) ~[junit-jupiter-engine-5.8.2.jar:5.8.2]
	at org.junit.jupiter.engine.execution.InvocationInterceptorChain.chainAndInvoke(InvocationInterceptorChain.java:45) ~[junit-jupiter-engine-5.8.2.jar:5.8.2]
	at org.junit.jupiter.engine.execution.InvocationInterceptorChain.invoke(InvocationInterceptorChain.java:37) ~[junit-jupiter-engine-5.8.2.jar:5.8.2]
	at org.junit.jupiter.engine.execution.ExecutableInvoker.invoke(ExecutableInvoker.java:104) ~[junit-jupiter-engine-5.8.2.jar:5.8.2]
	at org.junit.jupiter.engine.execution.ExecutableInvoker.invoke(ExecutableInvoker.java:98) ~[junit-jupiter-engine-5.8.2.jar:5.8.2]
	at org.junit.jupiter.engine.descriptor.TestMethodTestDescriptor.lambda$invokeTestMethod$7(TestMethodTestDescriptor.java:214) ~[junit-jupiter-engine-5.8.2.jar:5.8.2]
	at org.junit.platform.engine.support.hierarchical.ThrowableCollector.execute(ThrowableCollector.java:73) ~[junit-platform-engine-1.8.2.jar:1.8.2]
	at org.junit.jupiter.engine.descriptor.TestMethodTestDescriptor.invokeTestMethod(TestMethodTestDescriptor.java:210) ~[junit-jupiter-engine-5.8.2.jar:5.8.2]
	at org.junit.jupiter.engine.descriptor.TestMethodTestDescriptor.execute(TestMethodTestDescriptor.java:135) ~[junit-jupiter-engine-5.8.2.jar:5.8.2]
	at org.junit.jupiter.engine.descriptor.TestMethodTestDescriptor.execute(TestMethodTestDescriptor.java:66) ~[junit-jupiter-engine-5.8.2.jar:5.8.2]
	at org.junit.platform.engine.support.hierarchical.NodeTestTask.lambda$executeRecursively$6(NodeTestTask.java:151) ~[junit-platform-engine-1.8.2.jar:1.8.2]
	at org.junit.platform.engine.support.hierarchical.ThrowableCollector.execute(ThrowableCollector.java:73) ~[junit-platform-engine-1.8.2.jar:1.8.2]
	at org.junit.platform.engine.support.hierarchical.NodeTestTask.lambda$executeRecursively$8(NodeTestTask.java:141) ~[junit-platform-engine-1.8.2.jar:1.8.2]
	at org.junit.platform.engine.support.hierarchical.Node.around(Node.java:137) ~[junit-platform-engine-1.8.2.jar:1.8.2]
	at org.junit.platform.engine.support.hierarchical.NodeTestTask.lambda$executeRecursively$9(NodeTestTask.java:139) ~[junit-platform-engine-1.8.2.jar:1.8.2]
	at org.junit.platform.engine.support.hierarchical.ThrowableCollector.execute(ThrowableCollector.java:73) ~[junit-platform-engine-1.8.2.jar:1.8.2]
	at org.junit.platform.engine.support.hierarchical.NodeTestTask.executeRecursively(NodeTestTask.java:138) ~[junit-platform-engine-1.8.2.jar:1.8.2]
	at org.junit.platform.engine.support.hierarchical.NodeTestTask.execute(NodeTestTask.java:95) ~[junit-platform-engine-1.8.2.jar:1.8.2]
	at java.base/java.util.ArrayList.forEach(ArrayList.java:1596) ~[na:na]
	at org.junit.platform.engine.support.hierarchical.SameThreadHierarchicalTestExecutorService.invokeAll(SameThreadHierarchicalTestExecutorService.java:41) ~[junit-platform-engine-1.8.2.jar:1.8.2]
	at org.junit.platform.engine.support.hierarchical.NodeTestTask.lambda$executeRecursively$6(NodeTestTask.java:155) ~[junit-platform-engine-1.8.2.jar:1.8.2]
	at org.junit.platform.engine.support.hierarchical.ThrowableCollector.execute(ThrowableCollector.java:73) ~[junit-platform-engine-1.8.2.jar:1.8.2]
	at org.junit.platform.engine.support.hierarchical.NodeTestTask.lambda$executeRecursively$8(NodeTestTask.java:141) ~[junit-platform-engine-1.8.2.jar:1.8.2]
	at org.junit.platform.engine.support.hierarchical.Node.around(Node.java:137) ~[junit-platform-engine-1.8.2.jar:1.8.2]
	at org.junit.platform.engine.support.hierarchical.NodeTestTask.lambda$executeRecursively$9(NodeTestTask.java:139) ~[junit-platform-engine-1.8.2.jar:1.8.2]
	at org.junit.platform.engine.support.hierarchical.ThrowableCollector.execute(ThrowableCollector.java:73) ~[junit-platform-engine-1.8.2.jar:1.8.2]
	at org.junit.platform.engine.support.hierarchical.NodeTestTask.executeRecursively(NodeTestTask.java:138) ~[junit-platform-engine-1.8.2.jar:1.8.2]
	at org.junit.platform.engine.support.hierarchical.NodeTestTask.execute(NodeTestTask.java:95) ~[junit-platform-engine-1.8.2.jar:1.8.2]
	at java.base/java.util.ArrayList.forEach(ArrayList.java:1596) ~[na:na]
	at org.junit.platform.engine.support.hierarchical.SameThreadHierarchicalTestExecutorService.invokeAll(SameThreadHierarchicalTestExecutorService.java:41) ~[junit-platform-engine-1.8.2.jar:1.8.2]
	at org.junit.platform.engine.support.hierarchical.NodeTestTask.lambda$executeRecursively$6(NodeTestTask.java:155) ~[junit-platform-engine-1.8.2.jar:1.8.2]
	at org.junit.platform.engine.support.hierarchical.ThrowableCollector.execute(ThrowableCollector.java:73) ~[junit-platform-engine-1.8.2.jar:1.8.2]
	at org.junit.platform.engine.support.hierarchical.NodeTestTask.lambda$executeRecursively$8(NodeTestTask.java:141) ~[junit-platform-engine-1.8.2.jar:1.8.2]
	at org.junit.platform.engine.support.hierarchical.Node.around(Node.java:137) ~[junit-platform-engine-1.8.2.jar:1.8.2]
	at org.junit.platform.engine.support.hierarchical.NodeTestTask.lambda$executeRecursively$9(NodeTestTask.java:139) ~[junit-platform-engine-1.8.2.jar:1.8.2]
	at org.junit.platform.engine.support.hierarchical.ThrowableCollector.execute(ThrowableCollector.java:73) ~[junit-platform-engine-1.8.2.jar:1.8.2]
	at org.junit.platform.engine.support.hierarchical.NodeTestTask.executeRecursively(NodeTestTask.java:138) ~[junit-platform-engine-1.8.2.jar:1.8.2]
	at org.junit.platform.engine.support.hierarchical.NodeTestTask.execute(NodeTestTask.java:95) ~[junit-platform-engine-1.8.2.jar:1.8.2]
	at org.junit.platform.engine.support.hierarchical.SameThreadHierarchicalTestExecutorService.submit(SameThreadHierarchicalTestExecutorService.java:35) ~[junit-platform-engine-1.8.2.jar:1.8.2]
	at org.junit.platform.engine.support.hierarchical.HierarchicalTestExecutor.execute(HierarchicalTestExecutor.java:57) ~[junit-platform-engine-1.8.2.jar:1.8.2]
	at org.junit.platform.engine.support.hierarchical.HierarchicalTestEngine.execute(HierarchicalTestEngine.java:54) ~[junit-platform-engine-1.8.2.jar:1.8.2]
	at org.junit.platform.launcher.core.EngineExecutionOrchestrator.execute(EngineExecutionOrchestrator.java:107) ~[junit-platform-launcher-1.8.2.jar:1.8.2]
	at org.junit.platform.launcher.core.EngineExecutionOrchestrator.execute(EngineExecutionOrchestrator.java:88) ~[junit-platform-launcher-1.8.2.jar:1.8.2]
	at org.junit.platform.launcher.core.EngineExecutionOrchestrator.lambda$execute$0(EngineExecutionOrchestrator.java:54) ~[junit-platform-launcher-1.8.2.jar:1.8.2]
	at org.junit.platform.launcher.core.EngineExecutionOrchestrator.withInterceptedStreams(EngineExecutionOrchestrator.java:67) ~[junit-platform-launcher-1.8.2.jar:1.8.2]
	at org.junit.platform.launcher.core.EngineExecutionOrchestrator.execute(EngineExecutionOrchestrator.java:52) ~[junit-platform-launcher-1.8.2.jar:1.8.2]
	at org.junit.platform.launcher.core.DefaultLauncher.execute(DefaultLauncher.java:114) ~[junit-platform-launcher-1.8.2.jar:1.8.2]
	at org.junit.platform.launcher.core.DefaultLauncher.execute(DefaultLauncher.java:86) ~[junit-platform-launcher-1.8.2.jar:1.8.2]
	at org.junit.platform.launcher.core.DefaultLauncherSession$DelegatingLauncher.execute(DefaultLauncherSession.java:86) ~[junit-platform-launcher-1.8.2.jar:1.8.2]
	at org.gradle.api.internal.tasks.testing.junitplatform.JUnitPlatformTestClassProcessor$CollectAllTestClassesExecutor.processAllTestClasses(JUnitPlatformTestClassProcessor.java:124) ~[na:na]
	at org.gradle.api.internal.tasks.testing.junitplatform.JUnitPlatformTestClassProcessor$CollectAllTestClassesExecutor.access$000(JUnitPlatformTestClassProcessor.java:99) ~[na:na]
	at org.gradle.api.internal.tasks.testing.junitplatform.JUnitPlatformTestClassProcessor.stop(JUnitPlatformTestClassProcessor.java:94) ~[na:na]
	at org.gradle.api.internal.tasks.testing.SuiteTestClassProcessor.stop(SuiteTestClassProcessor.java:63) ~[na:na]
	at java.base/jdk.internal.reflect.DirectMethodHandleAccessor.invoke(DirectMethodHandleAccessor.java:103) ~[na:na]
	at java.base/java.lang.reflect.Method.invoke(Method.java:580) ~[na:na]
	at org.gradle.internal.dispatch.ReflectionDispatch.dispatch(ReflectionDispatch.java:36) ~[na:na]
	at org.gradle.internal.dispatch.ReflectionDispatch.dispatch(ReflectionDispatch.java:24) ~[na:na]
	at org.gradle.internal.dispatch.ContextClassLoaderDispatch.dispatch(ContextClassLoaderDispatch.java:33) ~[na:na]
	at org.gradle.internal.dispatch.ProxyDispatchAdapter$DispatchingInvocationHandler.invoke(ProxyDispatchAdapter.java:92) ~[na:na]
	at jdk.proxy1/jdk.proxy1.$Proxy4.stop(Unknown Source) ~[na:na]
	at org.gradle.api.internal.tasks.testing.worker.TestWorker$3.run(TestWorker.java:200) ~[na:na]
	at org.gradle.api.internal.tasks.testing.worker.TestWorker.executeAndMaintainThreadName(TestWorker.java:132) ~[na:na]
	at org.gradle.api.internal.tasks.testing.worker.TestWorker.execute(TestWorker.java:103) ~[na:na]
	at org.gradle.api.internal.tasks.testing.worker.TestWorker.execute(TestWorker.java:63) ~[na:na]
	at org.gradle.process.internal.worker.child.ActionExecutionWorker.execute(ActionExecutionWorker.java:56) ~[na:na]
	at org.gradle.process.internal.worker.child.SystemApplicationClassLoaderWorker.call(SystemApplicationClassLoaderWorker.java:121) ~[na:na]
	at org.gradle.process.internal.worker.child.SystemApplicationClassLoaderWorker.call(SystemApplicationClassLoaderWorker.java:71) ~[na:na]
	at worker.org.gradle.process.internal.worker.GradleWorkerMain.run(GradleWorkerMain.java:69) ~[gradle-worker.jar:na]
	at worker.org.gradle.process.internal.worker.GradleWorkerMain.main(GradleWorkerMain.java:74) ~[gradle-worker.jar:na]

2026-07-27 18:36:56.167  WARN 94488 --- [    Test worker] i.m.p.j.t.InliningClassTransformer       : Failed to transform class java/lang/Object

java.lang.IllegalArgumentException: Java 21 (65) is not supported by the current version of Byte Buddy which officially supports Java 20 (64) - update Byte Buddy or set net.bytebuddy.experimental as a VM property
	at net.bytebuddy.utility.OpenedClassReader.of(OpenedClassReader.java:96) ~[byte-buddy-1.12.23.jar:na]
	at net.bytebuddy.dynamic.scaffold.TypeWriter$Default$ForInlining.create(TypeWriter.java:4011) ~[byte-buddy-1.12.23.jar:na]
	at net.bytebuddy.dynamic.scaffold.TypeWriter$Default.make(TypeWriter.java:2224) ~[byte-buddy-1.12.23.jar:na]
	at net.bytebuddy.dynamic.DynamicType$Builder$AbstractBase$UsingTypeWriter.make(DynamicType.java:4050) ~[byte-buddy-1.12.23.jar:na]
	at net.bytebuddy.dynamic.DynamicType$Builder$AbstractBase.make(DynamicType.java:3734) ~[byte-buddy-1.12.23.jar:na]
	at io.mockk.proxy.jvm.transformation.InliningClassTransformer.transform(InliningClassTransformer.kt:81) ~[mockk-agent-jvm-1.13.5.jar:na]
	at java.instrument/java.lang.instrument.ClassFileTransformer.transform(ClassFileTransformer.java:244) ~[na:na]
	at java.instrument/sun.instrument.TransformerManager.transform(TransformerManager.java:188) ~[na:na]
	at java.instrument/sun.instrument.InstrumentationImpl.transform(InstrumentationImpl.java:610) ~[na:na]
	at java.instrument/sun.instrument.InstrumentationImpl.retransformClasses0(Native Method) ~[na:na]
	at java.instrument/sun.instrument.InstrumentationImpl.retransformClasses(InstrumentationImpl.java:225) ~[na:na]
	at io.mockk.proxy.jvm.transformation.JvmInlineInstrumentation.retransform(JvmInlineInstrumentation.kt:28) ~[mockk-agent-jvm-1.13.5.jar:na]
	at io.mockk.proxy.common.transformation.RetransformInlineInstrumentation$execute$1.invoke(RetransformInlineInstrumentation.kt:19) ~[mockk-agent-api-jvm-1.13.5.jar:na]
	at io.mockk.proxy.common.transformation.RetransformInlineInstrumentation$execute$1.invoke(RetransformInlineInstrumentation.kt:16) ~[mockk-agent-api-jvm-1.13.5.jar:na]
	at io.mockk.proxy.common.transformation.ClassTransformationSpecMap.applyTransformation(ClassTransformationSpecMap.kt:41) ~[mockk-agent-api-jvm-1.13.5.jar:na]
	at io.mockk.proxy.common.transformation.RetransformInlineInstrumentation.execute(RetransformInlineInstrumentation.kt:16) ~[mockk-agent-api-jvm-1.13.5.jar:na]
	at io.mockk.proxy.common.ProxyMaker.inline(ProxyMaker.kt:104) ~[mockk-agent-api-jvm-1.13.5.jar:na]
	at io.mockk.proxy.common.ProxyMaker.proxy(ProxyMaker.kt:48) ~[mockk-agent-api-jvm-1.13.5.jar:na]
	at io.mockk.impl.instantiation.JvmMockFactory.newProxy(JvmMockFactory.kt:34) ~[mockk-jvm-1.13.5.jar:na]
	at io.mockk.impl.instantiation.AbstractMockFactory.newProxy$default(AbstractMockFactory.kt:24) ~[mockk-jvm-1.13.5.jar:na]
	at io.mockk.impl.instantiation.AbstractMockFactory.temporaryMock(AbstractMockFactory.kt:127) ~[mockk-jvm-1.13.5.jar:na]
	at io.mockk.impl.recording.states.RecordingState$call$temporaryMock$1.invoke(RecordingState.kt:69) ~[mockk-jvm-1.13.5.jar:na]
	at io.mockk.impl.instantiation.JvmAnyValueGenerator$anyValue$2.invoke(JvmAnyValueGenerator.kt:35) ~[mockk-jvm-1.13.5.jar:na]
	at io.mockk.impl.instantiation.AnyValueGenerator.anyValue(AnyValueGenerator.kt:34) ~[mockk-jvm-1.13.5.jar:na]
	at io.mockk.impl.instantiation.JvmAnyValueGenerator.anyValue(JvmAnyValueGenerator.kt:31) ~[mockk-jvm-1.13.5.jar:na]
	at io.mockk.impl.recording.states.RecordingState.call(RecordingState.kt:75) ~[mockk-jvm-1.13.5.jar:na]
	at io.mockk.impl.recording.CommonCallRecorder.call(CommonCallRecorder.kt:53) ~[mockk-jvm-1.13.5.jar:na]
	at io.mockk.impl.stub.MockKStub.handleInvocation(MockKStub.kt:270) ~[mockk-jvm-1.13.5.jar:na]
	at io.mockk.impl.instantiation.JvmMockFactoryHelper$mockHandler$1.invocation(JvmMockFactoryHelper.kt:24) ~[mockk-jvm-1.13.5.jar:na]
	at io.mockk.proxy.jvm.advice.Interceptor.call(Interceptor.kt:21) ~[mockk-agent-jvm-1.13.5.jar:na]
	at io.mockk.proxy.jvm.advice.BaseAdvice.handle(BaseAdvice.kt:42) ~[mockk-agent-jvm-1.13.5.jar:na]
	at io.mockk.proxy.jvm.advice.jvm.JvmMockKProxyInterceptor.interceptNoSuper(JvmMockKProxyInterceptor.java:45) ~[mockk-agent-jvm-1.13.5.jar:na]
	at com.persons.finder.data.repositories.LocationRepository$Subclass0.save(Unknown Source) ~[main/:na]
	at com.persons.finder.data.repositories.LocationRepository$Subclass0.save(Unknown Source) ~[main/:na]
	at com.persons.finder.domain.services.LocationsServiceImplTest$addLocation upserts via save$1.invoke(LocationsServiceImplTest.kt:37) ~[test/:na]
	at com.persons.finder.domain.services.LocationsServiceImplTest$addLocation upserts via save$1.invoke(LocationsServiceImplTest.kt:37) ~[test/:na]
	at io.mockk.impl.eval.RecordedBlockEvaluator$record$block$1.invoke(RecordedBlockEvaluator.kt:25) ~[mockk-jvm-1.13.5.jar:na]
	at io.mockk.impl.eval.RecordedBlockEvaluator$enhanceWithRethrow$1.invoke(RecordedBlockEvaluator.kt:78) ~[mockk-jvm-1.13.5.jar:na]
	at io.mockk.impl.recording.JvmAutoHinter.autoHint(JvmAutoHinter.kt:23) ~[mockk-jvm-1.13.5.jar:na]
	at io.mockk.impl.eval.RecordedBlockEvaluator.record(RecordedBlockEvaluator.kt:40) ~[mockk-jvm-1.13.5.jar:na]
	at io.mockk.impl.eval.EveryBlockEvaluator.every(EveryBlockEvaluator.kt:30) ~[mockk-jvm-1.13.5.jar:na]
	at io.mockk.MockKDsl.internalEvery(API.kt:94) ~[mockk-dsl-jvm-1.13.5.jar:na]
	at io.mockk.MockKKt.every(MockK.kt:143) ~[mockk-jvm-1.13.5.jar:na]
	at com.persons.finder.domain.services.LocationsServiceImplTest.addLocation upserts via save(LocationsServiceImplTest.kt:37) ~[test/:na]
	at java.base/jdk.internal.reflect.DirectMethodHandleAccessor.invoke(DirectMethodHandleAccessor.java:103) ~[na:na]
	at java.base/java.lang.reflect.Method.invoke(Method.java:580) ~[na:na]
	at org.junit.platform.commons.util.ReflectionUtils.invokeMethod(ReflectionUtils.java:725) ~[junit-platform-commons-1.8.2.jar:1.8.2]
	at org.junit.jupiter.engine.execution.MethodInvocation.proceed(MethodInvocation.java:60) ~[junit-jupiter-engine-5.8.2.jar:5.8.2]
	at org.junit.jupiter.engine.execution.InvocationInterceptorChain$ValidatingInvocation.proceed(InvocationInterceptorChain.java:131) ~[junit-jupiter-engine-5.8.2.jar:5.8.2]
	at org.junit.jupiter.engine.extension.TimeoutExtension.intercept(TimeoutExtension.java:149) ~[junit-jupiter-engine-5.8.2.jar:5.8.2]
	at org.junit.jupiter.engine.extension.TimeoutExtension.interceptTestableMethod(TimeoutExtension.java:140) ~[junit-jupiter-engine-5.8.2.jar:5.8.2]
	at org.junit.jupiter.engine.extension.TimeoutExtension.interceptTestMethod(TimeoutExtension.java:84) ~[junit-jupiter-engine-5.8.2.jar:5.8.2]
	at org.junit.jupiter.engine.execution.ExecutableInvoker$ReflectiveInterceptorCall.lambda$ofVoidMethod$0(ExecutableInvoker.java:115) ~[junit-jupiter-engine-5.8.2.jar:5.8.2]
	at org.junit.jupiter.engine.execution.ExecutableInvoker.lambda$invoke$0(ExecutableInvoker.java:105) ~[junit-jupiter-engine-5.8.2.jar:5.8.2]
	at org.junit.jupiter.engine.execution.InvocationInterceptorChain$InterceptedInvocation.proceed(InvocationInterceptorChain.java:106) ~[junit-jupiter-engine-5.8.2.jar:5.8.2]
	at org.junit.jupiter.engine.execution.InvocationInterceptorChain.proceed(InvocationInterceptorChain.java:64) ~[junit-jupiter-engine-5.8.2.jar:5.8.2]
	at org.junit.jupiter.engine.execution.InvocationInterceptorChain.chainAndInvoke(InvocationInterceptorChain.java:45) ~[junit-jupiter-engine-5.8.2.jar:5.8.2]
	at org.junit.jupiter.engine.execution.InvocationInterceptorChain.invoke(InvocationInterceptorChain.java:37) ~[junit-jupiter-engine-5.8.2.jar:5.8.2]
	at org.junit.jupiter.engine.execution.ExecutableInvoker.invoke(ExecutableInvoker.java:104) ~[junit-jupiter-engine-5.8.2.jar:5.8.2]
	at org.junit.jupiter.engine.execution.ExecutableInvoker.invoke(ExecutableInvoker.java:98) ~[junit-jupiter-engine-5.8.2.jar:5.8.2]
	at org.junit.jupiter.engine.descriptor.TestMethodTestDescriptor.lambda$invokeTestMethod$7(TestMethodTestDescriptor.java:214) ~[junit-jupiter-engine-5.8.2.jar:5.8.2]
	at org.junit.platform.engine.support.hierarchical.ThrowableCollector.execute(ThrowableCollector.java:73) ~[junit-platform-engine-1.8.2.jar:1.8.2]
	at org.junit.jupiter.engine.descriptor.TestMethodTestDescriptor.invokeTestMethod(TestMethodTestDescriptor.java:210) ~[junit-jupiter-engine-5.8.2.jar:5.8.2]
	at org.junit.jupiter.engine.descriptor.TestMethodTestDescriptor.execute(TestMethodTestDescriptor.java:135) ~[junit-jupiter-engine-5.8.2.jar:5.8.2]
	at org.junit.jupiter.engine.descriptor.TestMethodTestDescriptor.execute(TestMethodTestDescriptor.java:66) ~[junit-jupiter-engine-5.8.2.jar:5.8.2]
	at org.junit.platform.engine.support.hierarchical.NodeTestTask.lambda$executeRecursively$6(NodeTestTask.java:151) ~[junit-platform-engine-1.8.2.jar:1.8.2]
	at org.junit.platform.engine.support.hierarchical.ThrowableCollector.execute(ThrowableCollector.java:73) ~[junit-platform-engine-1.8.2.jar:1.8.2]
	at org.junit.platform.engine.support.hierarchical.NodeTestTask.lambda$executeRecursively$8(NodeTestTask.java:141) ~[junit-platform-engine-1.8.2.jar:1.8.2]
	at org.junit.platform.engine.support.hierarchical.Node.around(Node.java:137) ~[junit-platform-engine-1.8.2.jar:1.8.2]
	at org.junit.platform.engine.support.hierarchical.NodeTestTask.lambda$executeRecursively$9(NodeTestTask.java:139) ~[junit-platform-engine-1.8.2.jar:1.8.2]
	at org.junit.platform.engine.support.hierarchical.ThrowableCollector.execute(ThrowableCollector.java:73) ~[junit-platform-engine-1.8.2.jar:1.8.2]
	at org.junit.platform.engine.support.hierarchical.NodeTestTask.executeRecursively(NodeTestTask.java:138) ~[junit-platform-engine-1.8.2.jar:1.8.2]
	at org.junit.platform.engine.support.hierarchical.NodeTestTask.execute(NodeTestTask.java:95) ~[junit-platform-engine-1.8.2.jar:1.8.2]
	at java.base/java.util.ArrayList.forEach(ArrayList.java:1596) ~[na:na]
	at org.junit.platform.engine.support.hierarchical.SameThreadHierarchicalTestExecutorService.invokeAll(SameThreadHierarchicalTestExecutorService.java:41) ~[junit-platform-engine-1.8.2.jar:1.8.2]
	at org.junit.platform.engine.support.hierarchical.NodeTestTask.lambda$executeRecursively$6(NodeTestTask.java:155) ~[junit-platform-engine-1.8.2.jar:1.8.2]
	at org.junit.platform.engine.support.hierarchical.ThrowableCollector.execute(ThrowableCollector.java:73) ~[junit-platform-engine-1.8.2.jar:1.8.2]
	at org.junit.platform.engine.support.hierarchical.NodeTestTask.lambda$executeRecursively$8(NodeTestTask.java:141) ~[junit-platform-engine-1.8.2.jar:1.8.2]
	at org.junit.platform.engine.support.hierarchical.Node.around(Node.java:137) ~[junit-platform-engine-1.8.2.jar:1.8.2]
	at org.junit.platform.engine.support.hierarchical.NodeTestTask.lambda$executeRecursively$9(NodeTestTask.java:139) ~[junit-platform-engine-1.8.2.jar:1.8.2]
	at org.junit.platform.engine.support.hierarchical.ThrowableCollector.execute(ThrowableCollector.java:73) ~[junit-platform-engine-1.8.2.jar:1.8.2]
	at org.junit.platform.engine.support.hierarchical.NodeTestTask.executeRecursively(NodeTestTask.java:138) ~[junit-platform-engine-1.8.2.jar:1.8.2]
	at org.junit.platform.engine.support.hierarchical.NodeTestTask.execute(NodeTestTask.java:95) ~[junit-platform-engine-1.8.2.jar:1.8.2]
	at java.base/java.util.ArrayList.forEach(ArrayList.java:1596) ~[na:na]
	at org.junit.platform.engine.support.hierarchical.SameThreadHierarchicalTestExecutorService.invokeAll(SameThreadHierarchicalTestExecutorService.java:41) ~[junit-platform-engine-1.8.2.jar:1.8.2]
	at org.junit.platform.engine.support.hierarchical.NodeTestTask.lambda$executeRecursively$6(NodeTestTask.java:155) ~[junit-platform-engine-1.8.2.jar:1.8.2]
	at org.junit.platform.engine.support.hierarchical.ThrowableCollector.execute(ThrowableCollector.java:73) ~[junit-platform-engine-1.8.2.jar:1.8.2]
	at org.junit.platform.engine.support.hierarchical.NodeTestTask.lambda$executeRecursively$8(NodeTestTask.java:141) ~[junit-platform-engine-1.8.2.jar:1.8.2]
	at org.junit.platform.engine.support.hierarchical.Node.around(Node.java:137) ~[junit-platform-engine-1.8.2.jar:1.8.2]
	at org.junit.platform.engine.support.hierarchical.NodeTestTask.lambda$executeRecursively$9(NodeTestTask.java:139) ~[junit-platform-engine-1.8.2.jar:1.8.2]
	at org.junit.platform.engine.support.hierarchical.ThrowableCollector.execute(ThrowableCollector.java:73) ~[junit-platform-engine-1.8.2.jar:1.8.2]
	at org.junit.platform.engine.support.hierarchical.NodeTestTask.executeRecursively(NodeTestTask.java:138) ~[junit-platform-engine-1.8.2.jar:1.8.2]
	at org.junit.platform.engine.support.hierarchical.NodeTestTask.execute(NodeTestTask.java:95) ~[junit-platform-engine-1.8.2.jar:1.8.2]
	at org.junit.platform.engine.support.hierarchical.SameThreadHierarchicalTestExecutorService.submit(SameThreadHierarchicalTestExecutorService.java:35) ~[junit-platform-engine-1.8.2.jar:1.8.2]
	at org.junit.platform.engine.support.hierarchical.HierarchicalTestExecutor.execute(HierarchicalTestExecutor.java:57) ~[junit-platform-engine-1.8.2.jar:1.8.2]
	at org.junit.platform.engine.support.hierarchical.HierarchicalTestEngine.execute(HierarchicalTestEngine.java:54) ~[junit-platform-engine-1.8.2.jar:1.8.2]
	at org.junit.platform.launcher.core.EngineExecutionOrchestrator.execute(EngineExecutionOrchestrator.java:107) ~[junit-platform-launcher-1.8.2.jar:1.8.2]
	at org.junit.platform.launcher.core.EngineExecutionOrchestrator.execute(EngineExecutionOrchestrator.java:88) ~[junit-platform-launcher-1.8.2.jar:1.8.2]
	at org.junit.platform.launcher.core.EngineExecutionOrchestrator.lambda$execute$0(EngineExecutionOrchestrator.java:54) ~[junit-platform-launcher-1.8.2.jar:1.8.2]
	at org.junit.platform.launcher.core.EngineExecutionOrchestrator.withInterceptedStreams(EngineExecutionOrchestrator.java:67) ~[junit-platform-launcher-1.8.2.jar:1.8.2]
	at org.junit.platform.launcher.core.EngineExecutionOrchestrator.execute(EngineExecutionOrchestrator.java:52) ~[junit-platform-launcher-1.8.2.jar:1.8.2]
	at org.junit.platform.launcher.core.DefaultLauncher.execute(DefaultLauncher.java:114) ~[junit-platform-launcher-1.8.2.jar:1.8.2]
	at org.junit.platform.launcher.core.DefaultLauncher.execute(DefaultLauncher.java:86) ~[junit-platform-launcher-1.8.2.jar:1.8.2]
	at org.junit.platform.launcher.core.DefaultLauncherSession$DelegatingLauncher.execute(DefaultLauncherSession.java:86) ~[junit-platform-launcher-1.8.2.jar:1.8.2]
	at org.gradle.api.internal.tasks.testing.junitplatform.JUnitPlatformTestClassProcessor$CollectAllTestClassesExecutor.processAllTestClasses(JUnitPlatformTestClassProcessor.java:124) ~[na:na]
	at org.gradle.api.internal.tasks.testing.junitplatform.JUnitPlatformTestClassProcessor$CollectAllTestClassesExecutor.access$000(JUnitPlatformTestClassProcessor.java:99) ~[na:na]
	at org.gradle.api.internal.tasks.testing.junitplatform.JUnitPlatformTestClassProcessor.stop(JUnitPlatformTestClassProcessor.java:94) ~[na:na]
	at org.gradle.api.internal.tasks.testing.SuiteTestClassProcessor.stop(SuiteTestClassProcessor.java:63) ~[na:na]
	at java.base/jdk.internal.reflect.DirectMethodHandleAccessor.invoke(DirectMethodHandleAccessor.java:103) ~[na:na]
	at java.base/java.lang.reflect.Method.invoke(Method.java:580) ~[na:na]
	at org.gradle.internal.dispatch.ReflectionDispatch.dispatch(ReflectionDispatch.java:36) ~[na:na]
	at org.gradle.internal.dispatch.ReflectionDispatch.dispatch(ReflectionDispatch.java:24) ~[na:na]
	at org.gradle.internal.dispatch.ContextClassLoaderDispatch.dispatch(ContextClassLoaderDispatch.java:33) ~[na:na]
	at org.gradle.internal.dispatch.ProxyDispatchAdapter$DispatchingInvocationHandler.invoke(ProxyDispatchAdapter.java:92) ~[na:na]
	at jdk.proxy1/jdk.proxy1.$Proxy4.stop(Unknown Source) ~[na:na]
	at org.gradle.api.internal.tasks.testing.worker.TestWorker$3.run(TestWorker.java:200) ~[na:na]
	at org.gradle.api.internal.tasks.testing.worker.TestWorker.executeAndMaintainThreadName(TestWorker.java:132) ~[na:na]
	at org.gradle.api.internal.tasks.testing.worker.TestWorker.execute(TestWorker.java:103) ~[na:na]
	at org.gradle.api.internal.tasks.testing.worker.TestWorker.execute(TestWorker.java:63) ~[na:na]
	at org.gradle.process.internal.worker.child.ActionExecutionWorker.execute(ActionExecutionWorker.java:56) ~[na:na]
	at org.gradle.process.internal.worker.child.SystemApplicationClassLoaderWorker.call(SystemApplicationClassLoaderWorker.java:121) ~[na:na]
	at org.gradle.process.internal.worker.child.SystemApplicationClassLoaderWorker.call(SystemApplicationClassLoaderWorker.java:71) ~[na:na]
	at worker.org.gradle.process.internal.worker.GradleWorkerMain.run(GradleWorkerMain.java:69) ~[gradle-worker.jar:na]
	at worker.org.gradle.process.internal.worker.GradleWorkerMain.main(GradleWorkerMain.java:74) ~[gradle-worker.jar:na]

]]></system-out>
  <system-err><![CDATA[WARNING: A Java agent has been loaded dynamically (/Users/banupriya/.gradle/caches/modules-2/files-2.1/net.bytebuddy/byte-buddy-agent/1.12.23/1cba11fdb72c383edacb909f79ae6870efd275e4/byte-buddy-agent-1.12.23.jar)
WARNING: If a serviceability tool is in use, please run with -XX:+EnableDynamicAgentLoading to hide this warning
WARNING: If a serviceability tool is not in use, please run with -Djdk.instrument.traceUsage for more information
WARNING: Dynamic loading of agents will be disallowed by default in a future release
]]></system-err>
</testsuite>
