<?xml version="1.0" encoding="UTF-8"?>
<testsuite name="com.persons.finder.presentation.PersonControllerTest" tests="4" skipped="0" failures="0" errors="0" timestamp="2026-07-27T11:25:23" hostname="Mac.local" time="0.147">
  <properties/>
  <testcase name="create person returns 201 with the new id()" classname="com.persons.finder.presentation.PersonControllerTest" time="0.1"/>
  <testcase name="find around returns nearby person ids excluding self()" classname="com.persons.finder.presentation.PersonControllerTest" time="0.01"/>
  <testcase name="update location returns 200()" classname="com.persons.finder.presentation.PersonControllerTest" time="0.03"/>
  <testcase name="get by ids returns names()" classname="com.persons.finder.presentation.PersonControllerTest" time="0.005"/>
  <system-out><![CDATA[2026-07-27 23:25:23.486  INFO 87074 --- [    Test worker] .b.t.a.w.s.WebMvcTestContextBootstrapper : Neither @ContextConfiguration nor @ContextHierarchy found for test class [com.persons.finder.presentation.PersonControllerTest], using SpringBootContextLoader
2026-07-27 23:25:23.488  INFO 87074 --- [    Test worker] o.s.t.c.support.AbstractContextLoader    : Could not detect default resource locations for test class [com.persons.finder.presentation.PersonControllerTest]: no resource found for suffixes {-context.xml, Context.groovy}.
2026-07-27 23:25:23.488  INFO 87074 --- [    Test worker] t.c.s.AnnotationConfigContextLoaderUtils : Could not detect default configuration classes for test class [com.persons.finder.presentation.PersonControllerTest]: PersonControllerTest does not declare any static, non-private, non-final, nested classes annotated with @Configuration.
2026-07-27 23:25:23.508  INFO 87074 --- [    Test worker] .b.t.c.SpringBootTestContextBootstrapper : Found @SpringBootConfiguration com.persons.finder.ApplicationStarter for test class com.persons.finder.presentation.PersonControllerTest
2026-07-27 23:25:23.509  INFO 87074 --- [    Test worker] .b.t.a.w.s.WebMvcTestContextBootstrapper : Loaded default TestExecutionListener class names from location [META-INF/spring.factories]: [com.ninjasquad.springmockk.MockkTestExecutionListener, com.ninjasquad.springmockk.ClearMocksTestExecutionListener, org.springframework.boot.test.autoconfigure.restdocs.RestDocsTestExecutionListener, org.springframework.boot.test.autoconfigure.web.client.MockRestServiceServerResetTestExecutionListener, org.springframework.boot.test.autoconfigure.web.servlet.MockMvcPrintOnlyOnFailureTestExecutionListener, org.springframework.boot.test.autoconfigure.web.servlet.WebDriverTestExecutionListener, org.springframework.boot.test.autoconfigure.webservices.client.MockWebServiceServerTestExecutionListener, org.springframework.boot.test.mock.mockito.MockitoTestExecutionListener, org.springframework.boot.test.mock.mockito.ResetMocksTestExecutionListener, org.springframework.test.context.web.ServletTestExecutionListener, org.springframework.test.context.support.DirtiesContextBeforeModesTestExecutionListener, org.springframework.test.context.event.ApplicationEventsTestExecutionListener, org.springframework.test.context.support.DependencyInjectionTestExecutionListener, org.springframework.test.context.support.DirtiesContextTestExecutionListener, org.springframework.test.context.transaction.TransactionalTestExecutionListener, org.springframework.test.context.jdbc.SqlScriptsTestExecutionListener, org.springframework.test.context.event.EventPublishingTestExecutionListener]
2026-07-27 23:25:23.510  INFO 87074 --- [    Test worker] .b.t.a.w.s.WebMvcTestContextBootstrapper : Using TestExecutionListeners: [org.springframework.test.context.web.ServletTestExecutionListener@1427827f, org.springframework.test.context.support.DirtiesContextBeforeModesTestExecutionListener@27015621, org.springframework.test.context.event.ApplicationEventsTestExecutionListener@4b6575fd, com.ninjasquad.springmockk.MockkTestExecutionListener@ecc5101, org.springframework.boot.test.mock.mockito.MockitoTestExecutionListener@26501edd, org.springframework.boot.test.autoconfigure.SpringBootDependencyInjectionTestExecutionListener@bcde468, org.springframework.test.context.support.DirtiesContextTestExecutionListener@6be7a271, org.springframework.test.context.transaction.TransactionalTestExecutionListener@7cfb255, org.springframework.test.context.jdbc.SqlScriptsTestExecutionListener@214fe287, org.springframework.test.context.event.EventPublishingTestExecutionListener@4545ac62, com.ninjasquad.springmockk.ClearMocksTestExecutionListener@13e76a91, org.springframework.boot.test.autoconfigure.restdocs.RestDocsTestExecutionListener@69c03fa2, org.springframework.boot.test.autoconfigure.web.client.MockRestServiceServerResetTestExecutionListener@37c5a3c7, org.springframework.boot.test.autoconfigure.web.servlet.MockMvcPrintOnlyOnFailureTestExecutionListener@5f0b2fe1, org.springframework.boot.test.autoconfigure.web.servlet.WebDriverTestExecutionListener@77107573, org.springframework.boot.test.autoconfigure.webservices.client.MockWebServiceServerTestExecutionListener@1fc5791c, org.springframework.boot.test.mock.mockito.ResetMocksTestExecutionListener@5843ab8]

  .   ____          _            __ _ _
 /\\ / ___'_ __ _ _(_)_ __  __ _ \ \ \ \
( ( )\___ | '_ | '_| | '_ \/ _` | \ \ \ \
 \\/  ___)| |_)| | | | | || (_| |  ) ) ) )
  '  |____| .__|_| |_|_| |_\__, | / / / /
 =========|_|==============|___/=/_/_/_/
 :: Spring Boot ::               (v2.7.18)

2026-07-27 23:25:23.532  INFO 87074 --- [    Test worker] c.p.f.presentation.PersonControllerTest  : Starting PersonControllerTest using Java 21.0.11 on Mac.local with PID 87074 (started by banupriya in /Users/banupriya/ProjectEmerge/Technical Assesment update-27thJuly/persons-finder-devops-solution)
2026-07-27 23:25:23.533  INFO 87074 --- [    Test worker] c.p.f.presentation.PersonControllerTest  : No active profile set, falling back to 1 default profile: "default"
2026-07-27 23:25:23.773  INFO 87074 --- [    Test worker] o.s.b.t.m.w.SpringBootMockServletContext : Initializing Spring TestDispatcherServlet ''
2026-07-27 23:25:23.773  INFO 87074 --- [    Test worker] o.s.t.web.servlet.TestDispatcherServlet  : Initializing Servlet ''
2026-07-27 23:25:23.774  INFO 87074 --- [    Test worker] o.s.t.web.servlet.TestDispatcherServlet  : Completed initialization in 1 ms
2026-07-27 23:25:23.780  INFO 87074 --- [    Test worker] c.p.f.presentation.PersonControllerTest  : Started PersonControllerTest in 0.265 seconds (JVM running for 2.922)
]]></system-out>
  <system-err><![CDATA[]]></system-err>
</testsuite>
